{'num_gpus': 1, 'supernet_params': './params/ShuffleNasOneshot-imagenet-supernet.params', 'dtype': 'float16', 'batch_size': 128, 'search_mode': 'random', 'comparison_model': 'SinglePathOneShot'}
----------------------------------------
Current model normalized score: 1.9456453185078915.
Val accuracy:      0.32846467391304346
Block choices:     [0. 0. 3. 2. 0. 0. 0. 0. 1. 2. 1. 0. 0. 1. 1. 2. 0. 0. 3. 2.]
Channel choices:   [3, 8, 7, 8, 4, 4, 9, 4, 4, 5, 6, 8, 2, 2, 4, 8, 2, 2, 3, 2]
Flops:             341.572648 MFLOPS
# parameters:      3.0745020000000007 M
----------------------------------------
Current model normalized score: 1.8919716284074608.
Val accuracy:      0.3220907928388747
Block choices:     [3. 0. 1. 3. 3. 0. 0. 0. 3. 1. 0. 3. 2. 3. 1. 0. 3. 2. 3. 2.]
Channel choices:   [4, 6, 9, 4, 3, 3, 5, 3, 3, 2, 2, 4, 6, 4, 3, 3, 4, 6, 2, 5]
Flops:             289.6938 MFLOPS
# parameters:      3.429780000000001 M
----------------------------------------
Current model normalized score: 1.9965550889526547.
Val accuracy:      0.3799679487179487
Block choices:     [1. 2. 0. 0. 0. 1. 2. 0. 0. 1. 2. 2. 3. 1. 1. 2. 0. 2. 2. 0.]
Channel choices:   [3, 6, 2, 6, 4, 9, 3, 9, 4, 2, 4, 3, 3, 7, 8, 5, 5, 4, 3, 2]
Flops:             344.238248 MFLOPS
# parameters:      3.2199640000000014 M
----------------------------------------
Current model normalized score: 1.924536266857963.
Val accuracy:      0.21413443094629156
Block choices:     [2. 3. 2. 0. 0. 3. 1. 0. 0. 1. 2. 2. 1. 2. 2. 3. 2. 1. 1. 3.]
Channel choices:   [5, 2, 2, 8, 3, 2, 2, 9, 3, 5, 3, 9, 2, 2, 5, 4, 2, 4, 5, 3]
Flops:             316.810792 MFLOPS
# parameters:      3.2594090000000016 M
----------------------------------------
Current model normalized score: 1.9927116571018655.
Val accuracy:      0.3547394501278772
Block choices:     [0. 1. 2. 0. 0. 0. 2. 2. 2. 0. 0. 2. 3. 1. 1. 2. 0. 0. 2. 3.]
Channel choices:   [9, 2, 7, 5, 3, 2, 4, 4, 2, 8, 4, 2, 2, 3, 3, 6, 4, 9, 2, 4]
Flops:             323.59396 MFLOPS
# parameters:      3.4208920000000016 M
----------------------------------------
Current model normalized score: 1.9669378780487812.
Val accuracy:      0.3535657051282051
Block choices:     [0. 3. 1. 3. 1. 1. 1. 1. 0. 1. 0. 1. 0. 2. 2. 0. 0. 3. 1. 0.]
Channel choices:   [8, 3, 3, 3, 4, 2, 9, 9, 5, 9, 5, 2, 5, 7, 4, 3, 2, 2, 4, 3]
Flops:             342.516584 MFLOPS
# parameters:      3.137112000000002 M
----------------------------------------
Current model normalized score: 1.9356436097560976.
Val accuracy:      0.1472786125319693
Block choices:     [3. 0. 3. 3. 3. 0. 0. 0. 2. 3. 1. 3. 0. 2. 2. 3. 2. 1. 0. 1.]
Channel choices:   [2, 8, 6, 2, 2, 8, 7, 3, 6, 3, 6, 2, 2, 9, 5, 2, 3, 3, 2, 5]
Flops:             326.225064 MFLOPS
# parameters:      3.199587 M
----------------------------------------
Current model normalized score: 1.9901356628407467.
Val accuracy:      0.371474358974359
Block choices:     [0. 1. 0. 1. 3. 2. 3. 1. 2. 1. 0. 1. 0. 1. 1. 1. 3. 1. 0. 2.]
Channel choices:   [2, 6, 8, 9, 2, 3, 4, 2, 2, 3, 2, 9, 8, 3, 4, 4, 6, 7, 3, 3]
Flops:             308.001768 MFLOPS
# parameters:      3.5737600000000023 M
----------------------------------------
Current model normalized score: 1.884750553802009.
Val accuracy:      0.30412803708439895
Block choices:     [0. 2. 1. 1. 0. 0. 1. 1. 3. 1. 3. 3. 1. 1. 0. 0. 2. 0. 2. 1.]
Channel choices:   [8, 2, 5, 3, 2, 2, 6, 2, 4, 7, 5, 2, 7, 5, 4, 3, 3, 2, 2, 7]
Flops:             304.414184 MFLOPS
# parameters:      3.252639000000001 M
----------------------------------------
Current model normalized score: 1.997307008608322.
Val accuracy:      0.41769900895140666
Block choices:     [0. 0. 2. 1. 1. 1. 3. 1. 3. 1. 2. 0. 3. 1. 1. 1. 2. 1. 1. 2.]
Channel choices:   [4, 2, 2, 5, 6, 7, 5, 9, 4, 4, 5, 3, 4, 4, 5, 5, 2, 5, 4, 4]
Flops:             336.1066 MFLOPS
# parameters:      3.3068120000000016 M
----------------------------------------
Current model normalized score: 1.9976702826398856.
Val accuracy:      0.34362980769230766
Block choices:     [0. 0. 3. 1. 1. 0. 2. 2. 3. 0. 2. 0. 0. 2. 3. 3. 3. 0. 0. 0.]
Channel choices:   [3, 7, 8, 2, 9, 5, 2, 2, 4, 2, 3, 5, 3, 2, 6, 5, 3, 2, 6, 5]
Flops:             331.020008 MFLOPS
# parameters:      3.3607740000000006 M
----------------------------------------
Current model normalized score: 1.8743611032998566.
Val accuracy:      0.1655810421994885
Block choices:     [3. 2. 2. 0. 3. 2. 3. 0. 1. 2. 2. 2. 1. 0. 3. 2. 3. 0. 2. 2.]
Channel choices:   [3, 6, 8, 9, 2, 5, 2, 7, 4, 4, 7, 2, 7, 2, 3, 3, 2, 7, 2, 2]
Flops:             309.500776 MFLOPS
# parameters:      3.1645880000000006 M
----------------------------------------
Current model normalized score: 1.9796784992826404.
Val accuracy:      0.24438539002557544
Block choices:     [3. 2. 1. 3. 2. 2. 3. 0. 3. 2. 2. 0. 1. 2. 1. 0. 3. 2. 3. 0.]
Channel choices:   [2, 6, 7, 7, 3, 5, 3, 7, 2, 8, 4, 7, 4, 2, 6, 2, 4, 4, 2, 5]
Flops:             323.063976 MFLOPS
# parameters:      3.382073000000001 M
----------------------------------------
Current model normalized score: 1.9906777489239602.
Val accuracy:      0.3823517628205128
Block choices:     [1. 0. 1. 2. 0. 2. 1. 1. 3. 2. 3. 2. 0. 3. 2. 0. 3. 1. 0. 1.]
Channel choices:   [4, 7, 2, 6, 3, 7, 3, 4, 4, 3, 4, 7, 3, 5, 4, 3, 3, 3, 3, 9]
Flops:             317.898984 MFLOPS
# parameters:      3.4730100000000017 M
----------------------------------------
Current model normalized score: 1.9871443931133435.
Val accuracy:      0.42607097186700765
Block choices:     [3. 0. 0. 0. 0. 2. 0. 0. 2. 0. 1. 0. 0. 1. 2. 1. 0. 2. 1. 1.]
Channel choices:   [5, 2, 5, 6, 5, 2, 4, 8, 5, 8, 7, 8, 5, 5, 3, 4, 4, 3, 2, 4]
Flops:             340.224168 MFLOPS
# parameters:      3.2295770000000017 M
----------------------------------------
Current model normalized score: 1.9477044017216647.
Val accuracy:      0.31588541666666664
Block choices:     [1. 3. 0. 0. 2. 0. 2. 1. 0. 2. 1. 0. 0. 2. 2. 3. 0. 0. 0. 1.]
Channel choices:   [7, 8, 5, 2, 2, 4, 2, 2, 3, 2, 4, 5, 7, 9, 3, 3, 4, 4, 2, 6]
Flops:             325.450472 MFLOPS
# parameters:      3.2486230000000016 M
----------------------------------------
Current model normalized score: 1.9333073629842186.
Val accuracy:      0.38590952685422
Block choices:     [0. 2. 1. 2. 1. 2. 2. 2. 0. 1. 1. 0. 2. 3. 2. 1. 0. 1. 2. 0.]
Channel choices:   [5, 5, 5, 8, 2, 5, 2, 2, 2, 2, 8, 3, 2, 5, 5, 5, 5, 5, 2, 4]
Flops:             322.051048 MFLOPS
# parameters:      3.2349110000000016 M
----------------------------------------
Current model normalized score: 1.9895841822094698.
Val accuracy:      0.2648657289002558
Block choices:     [3. 3. 3. 0. 0. 0. 2. 0. 2. 1. 0. 2. 2. 1. 1. 3. 1. 2. 2. 2.]
Channel choices:   [2, 3, 6, 4, 5, 8, 8, 6, 2, 2, 7, 7, 5, 2, 3, 2, 5, 4, 2, 5]
Flops:             337.34532 MFLOPS
# parameters:      3.2677140000000016 M
----------------------------------------
Current model normalized score: 1.9586666685796275.
Val accuracy:      0.30179028132992325
Block choices:     [1. 0. 3. 0. 0. 2. 1. 0. 0. 3. 2. 2. 1. 0. 1. 1. 3. 1. 2. 0.]
Channel choices:   [3, 5, 6, 9, 9, 2, 2, 2, 2, 2, 4, 9, 5, 7, 3, 2, 3, 2, 8, 3]
Flops:             322.110632 MFLOPS
# parameters:      3.320515000000001 M
----------------------------------------
Current model normalized score: 1.9341690659971307.
Val accuracy:      0.24939903846153846
Block choices:     [2. 3. 1. 3. 3. 1. 1. 2. 3. 2. 0. 1. 2. 2. 1. 0. 1. 0. 1. 1.]
Channel choices:   [6, 4, 2, 2, 3, 7, 3, 5, 2, 2, 5, 9, 2, 3, 5, 2, 8, 6, 2, 2]
Flops:             316.603816 MFLOPS
# parameters:      3.2943060000000006 M
----------------------------------------
Current model normalized score: 1.9987331908177914.
Val accuracy:      0.23871083759590792
Block choices:     [2. 0. 2. 0. 2. 0. 1. 3. 3. 1. 1. 3. 1. 0. 3. 0. 0. 0. 0. 0.]
Channel choices:   [2, 3, 3, 4, 3, 9, 9, 2, 2, 9, 2, 6, 4, 7, 2, 3, 6, 4, 3, 4]
Flops:             332.471976 MFLOPS
# parameters:      3.349337000000003 M
----------------------------------------
Current model normalized score: 1.9689311836441896.
Val accuracy:      0.35671755115089515
Block choices:     [0. 0. 1. 0. 3. 1. 3. 1. 2. 1. 1. 2. 0. 0. 0. 1. 0. 2. 0. 3.]
Channel choices:   [4, 4, 7, 2, 5, 4, 4, 2, 4, 9, 2, 4, 5, 9, 2, 4, 2, 3, 2, 6]
Flops:             320.33252 MFLOPS
# parameters:      3.3738460000000012 M
----------------------------------------
Current model normalized score: 1.8040124619799136.
Val accuracy:      0.18427483974358974
Block choices:     [3. 0. 0. 1. 2. 0. 2. 1. 0. 1. 0. 1. 0. 1. 0. 2. 3. 2. 3. 1.]
Channel choices:   [9, 4, 9, 8, 7, 2, 3, 4, 2, 5, 3, 5, 2, 6, 2, 2, 2, 3, 2, 2]
Flops:             307.409064 MFLOPS
# parameters:      2.947084999999999 M
----------------------------------------
Current model normalized score: 1.9433323098995698.
Val accuracy:      0.31194053708439895
Block choices:     [3. 3. 3. 2. 1. 0. 2. 1. 0. 0. 3. 3. 1. 1. 2. 0. 0. 1. 0. 3.]
Channel choices:   [3, 4, 6, 4, 3, 9, 3, 2, 5, 3, 3, 4, 3, 4, 3, 5, 3, 2, 5, 4]
Flops:             324.9738 MFLOPS
# parameters:      3.2386990000000013 M
----------------------------------------
Current model normalized score: 1.928697034433286.
Val accuracy:      0.34769631410256413
Block choices:     [1. 0. 2. 2. 0. 2. 2. 2. 3. 3. 1. 1. 3. 2. 0. 2. 2. 0. 3. 0.]
Channel choices:   [7, 5, 4, 2, 2, 2, 5, 5, 3, 5, 5, 6, 6, 4, 3, 7, 2, 2, 3, 3]
Flops:             322.000872 MFLOPS
# parameters:      3.219756000000002 M
----------------------------------------
Current model normalized score: 1.9664796341463415.
Val accuracy:      0.3577565537084399
Block choices:     [0. 0. 1. 2. 3. 1. 3. 2. 0. 3. 2. 2. 2. 1. 2. 0. 2. 2. 3. 0.]
Channel choices:   [6, 3, 6, 7, 3, 2, 6, 6, 3, 3, 6, 7, 4, 3, 8, 2, 2, 4, 2, 5]
Flops:             332.21796 MFLOPS
# parameters:      3.2423080000000004 M
----------------------------------------
Current model normalized score: 1.9886893902439033.
Val accuracy:      0.2568933823529412
Block choices:     [1. 0. 1. 0. 1. 2. 3. 1. 3. 2. 3. 1. 3. 2. 1. 3. 3. 0. 1. 3.]
Channel choices:   [6, 2, 6, 3, 3, 2, 2, 9, 3, 6, 4, 2, 5, 5, 7, 7, 2, 3, 4, 3]
Flops:             326.29092 MFLOPS
# parameters:      3.379260000000002 M
----------------------------------------
Current model normalized score: 1.9334158292682933.
Val accuracy:      0.4428886217948718
Block choices:     [2. 0. 1. 0. 3. 2. 0. 1. 1. 0. 0. 2. 3. 3. 0. 2. 0. 1. 0. 1.]
Channel choices:   [8, 8, 8, 3, 3, 8, 2, 4, 2, 4, 2, 4, 4, 2, 7, 5, 4, 4, 3, 4]
Flops:             326.673512 MFLOPS
# parameters:      3.187364000000002 M
----------------------------------------
Current model normalized score: 1.9745713371592541.
Val accuracy:      0.36213235294117646
Block choices:     [3. 0. 3. 3. 0. 1. 3. 2. 2. 0. 2. 0. 1. 2. 2. 0. 0. 2. 0. 0.]
Channel choices:   [3, 6, 7, 7, 2, 5, 5, 2, 6, 2, 2, 2, 6, 3, 4, 6, 6, 2, 4, 3]
Flops:             342.199848 MFLOPS
# parameters:      3.166349000000001 M
----------------------------------------
Current model normalized score: 1.9850819727403166.
Val accuracy:      0.28170955882352944
Block choices:     [0. 1. 2. 0. 1. 2. 0. 1. 3. 1. 2. 3. 1. 1. 1. 3. 2. 1. 3. 1.]
Channel choices:   [2, 8, 2, 2, 2, 3, 2, 7, 4, 4, 3, 8, 5, 3, 8, 3, 3, 4, 3, 5]
Flops:             319.12516 MFLOPS
# parameters:      3.441274000000003 M
----------------------------------------
Current model normalized score: 1.9564832266857963.
Val accuracy:      0.46572516025641025
Block choices:     [2. 0. 1. 0. 0. 2. 1. 0. 0. 2. 2. 1. 0. 1. 1. 1. 1. 2. 2. 2.]
Channel choices:   [8, 9, 9, 2, 4, 2, 4, 5, 3, 2, 3, 3, 5, 7, 3, 6, 5, 2, 2, 6]
Flops:             334.024296 MFLOPS
# parameters:      3.1895960000000008 M
----------------------------------------
Current model normalized score: 1.969949692969871.
Val accuracy:      0.2881433823529412
Block choices:     [1. 2. 2. 0. 0. 3. 0. 1. 0. 2. 0. 2. 1. 2. 3. 2. 0. 1. 2. 0.]
Channel choices:   [3, 3, 2, 5, 9, 3, 9, 4, 3, 6, 6, 2, 2, 3, 4, 4, 2, 2, 8, 4]
Flops:             332.732264 MFLOPS
# parameters:      3.2487750000000006 M
----------------------------------------
Current model normalized score: 1.882432228120517.
Val accuracy:      0.293369391025641
Block choices:     [3. 1. 0. 3. 3. 1. 0. 1. 1. 2. 3. 2. 2. 2. 1. 1. 3. 0. 2. 1.]
Channel choices:   [3, 9, 7, 5, 6, 4, 3, 4, 2, 2, 3, 5, 3, 6, 4, 2, 3, 7, 4, 2]
Flops:             301.710952 MFLOPS
# parameters:      3.2727780000000015 M
----------------------------------------
Current model normalized score: 1.9724960286944053.
Val accuracy:      0.32698609335038364
Block choices:     [0. 3. 2. 0. 3. 3. 0. 2. 3. 2. 2. 1. 0. 1. 3. 1. 0. 2. 1. 0.]
Channel choices:   [5, 4, 2, 5, 2, 7, 2, 2, 2, 6, 8, 4, 6, 9, 4, 3, 3, 6, 3, 4]
Flops:             321.392488 MFLOPS
# parameters:      3.3749790000000024 M
----------------------------------------
Current model normalized score: 1.9765696284074612.
Val accuracy:      0.393662084398977
Block choices:     [2. 3. 0. 1. 0. 0. 2. 0. 3. 2. 0. 0. 0. 1. 2. 2. 2. 3. 3. 1.]
Channel choices:   [5, 6, 6, 4, 3, 5, 2, 6, 2, 3, 2, 4, 6, 6, 9, 5, 3, 4, 2, 5]
Flops:             324.280744 MFLOPS
# parameters:      3.3588900000000015 M
----------------------------------------
Current model normalized score: 1.9256887890961265.
Val accuracy:      0.3022235576923077
Block choices:     [3. 3. 0. 2. 1. 0. 3. 1. 2. 1. 1. 2. 0. 1. 0. 0. 1. 0. 0. 1.]
Channel choices:   [3, 8, 4, 2, 2, 3, 7, 3, 4, 2, 3, 5, 2, 7, 7, 2, 4, 3, 2, 6]
Flops:             324.343464 MFLOPS
# parameters:      3.185245000000001 M
----------------------------------------
Current model normalized score: 1.8354071836441896.
Val accuracy:      0.3185941496163683
Block choices:     [3. 0. 2. 1. 2. 1. 1. 2. 1. 2. 1. 3. 0. 1. 2. 1. 0. 3. 0. 0.]
Channel choices:   [5, 3, 5, 2, 3, 9, 5, 3, 3, 3, 2, 2, 2, 7, 5, 4, 3, 3, 2, 4]
Flops:             304.646248 MFLOPS
# parameters:      3.082466000000001 M
----------------------------------------
Current model normalized score: 1.9964995566714494.
Val accuracy:      0.3375559462915601
Block choices:     [2. 1. 2. 2. 3. 1. 3. 1. 0. 1. 1. 3. 3. 2. 0. 2. 0. 0. 2. 1.]
Channel choices:   [3, 6, 6, 3, 5, 9, 3, 5, 4, 3, 8, 5, 3, 6, 2, 2, 2, 3, 2, 8]
Flops:             339.819624 MFLOPS
# parameters:      3.265578000000001 M
----------------------------------------
Current model normalized score: 1.9782459024390247.
Val accuracy:      0.36774839743589743
Block choices:     [0. 0. 2. 3. 1. 1. 0. 2. 0. 2. 2. 0. 2. 0. 2. 3. 1. 0. 0. 2.]
Channel choices:   [4, 3, 6, 4, 6, 6, 5, 8, 5, 4, 3, 5, 3, 5, 4, 6, 4, 2, 2, 2]
Flops:             352.495336 MFLOPS
# parameters:      3.072121000000001 M
----------------------------------------
Current model normalized score: 1.9308756944045915.
Val accuracy:      0.2876039002557545
Block choices:     [3. 0. 0. 0. 1. 2. 0. 3. 2. 3. 1. 2. 0. 0. 1. 1. 3. 3. 1. 0.]
Channel choices:   [5, 4, 5, 6, 7, 2, 7, 3, 5, 2, 8, 6, 6, 2, 2, 4, 2, 4, 3, 2]
Flops:             324.334056 MFLOPS
# parameters:      3.2029780000000017 M
----------------------------------------
Current model normalized score: 1.856353791965567.
Val accuracy:      0.2653245192307692
Block choices:     [3. 0. 0. 3. 3. 0. 1. 3. 2. 1. 2. 3. 2. 0. 0. 0. 1. 0. 3. 0.]
Channel choices:   [6, 5, 7, 7, 5, 7, 2, 3, 2, 6, 2, 3, 8, 2, 2, 3, 3, 5, 2, 2]
Flops:             311.918632 MFLOPS
# parameters:      3.078300000000001 M
----------------------------------------
Current model normalized score: 1.8821082094691535.
Val accuracy:      0.15764865728900257
Block choices:     [1. 2. 2. 3. 1. 3. 2. 0. 2. 2. 1. 2. 1. 0. 1. 0. 3. 1. 2. 1.]
Channel choices:   [2, 2, 2, 6, 8, 2, 9, 6, 6, 6, 2, 3, 4, 2, 4, 7, 2, 2, 2, 2]
Flops:             330.141928 MFLOPS
# parameters:      2.976965 M
----------------------------------------
Current model normalized score: 1.9050295997130562.
Val accuracy:      0.3186740728900256
Block choices:     [1. 1. 3. 0. 2. 0. 0. 3. 2. 1. 0. 0. 3. 1. 2. 0. 1. 2. 1. 1.]
Channel choices:   [4, 6, 4, 5, 3, 9, 9, 4, 4, 3, 6, 6, 3, 5, 3, 3, 3, 3, 2, 2]
Flops:             332.810664 MFLOPS
# parameters:      3.027234000000001 M
----------------------------------------
Current model normalized score: 1.9859929053084655.
Val accuracy:      0.35428685897435896
Block choices:     [1. 3. 1. 2. 1. 2. 3. 2. 3. 0. 0. 2. 0. 3. 2. 0. 1. 1. 2. 2.]
Channel choices:   [4, 3, 4, 7, 2, 3, 7, 2, 4, 5, 5, 2, 3, 3, 4, 4, 2, 5, 9, 4]
Flops:             319.62692 MFLOPS
# parameters:      3.439170000000002 M
----------------------------------------
Current model normalized score: 1.971144658536586.
Val accuracy:      0.3826926150895141
Block choices:     [1. 2. 0. 0. 3. 0. 3. 2. 1. 0. 3. 0. 3. 3. 2. 0. 2. 0. 3. 0.]
Channel choices:   [6, 7, 5, 3, 7, 4, 4, 7, 2, 5, 3, 7, 4, 2, 4, 2, 3, 4, 3, 3]
Flops:             335.896488 MFLOPS
# parameters:      3.2200380000000024 M
----------------------------------------
Current model normalized score: 1.9914162439024397.
Val accuracy:      0.33170156649616367
Block choices:     [1. 0. 2. 3. 1. 1. 1. 0. 3. 0. 1. 2. 2. 0. 2. 2. 3. 3. 3. 1.]
Channel choices:   [5, 2, 8, 2, 5, 6, 3, 6, 2, 2, 9, 3, 6, 3, 3, 9, 5, 2, 3, 3]
Flops:             322.348968 MFLOPS
# parameters:      3.429393000000002 M
----------------------------------------
Current model normalized score: 1.970004985652798.
Val accuracy:      0.35981570512820515
Block choices:     [0. 2. 0. 3. 3. 0. 1. 3. 2. 2. 2. 1. 2. 0. 0. 3. 0. 2. 2. 1.]
Channel choices:   [6, 4, 2, 3, 6, 4, 4, 3, 3, 2, 2, 2, 4, 6, 7, 3, 3, 9, 6, 2]
Flops:             317.08676 MFLOPS
# parameters:      3.411142000000001 M
----------------------------------------
Current model normalized score: 1.9991915710186519.
Val accuracy:      0.26606457800511507
Block choices:     [0. 2. 0. 1. 3. 0. 2. 3. 1. 0. 0. 1. 2. 1. 0. 0. 3. 0. 0. 3.]
Channel choices:   [6, 6, 4, 4, 4, 8, 2, 2, 6, 6, 5, 9, 4, 2, 5, 4, 2, 9, 2, 3]
Flops:             327.3258 MFLOPS
# parameters:      3.404240000000001 M
----------------------------------------
Current model normalized score: 1.941033961262554.
Val accuracy:      0.3518830128205128
Block choices:     [1. 2. 0. 0. 1. 2. 0. 1. 2. 2. 2. 0. 2. 1. 1. 3. 0. 1. 2. 1.]
Channel choices:   [2, 3, 2, 7, 5, 2, 4, 6, 3, 8, 3, 6, 2, 4, 2, 6, 4, 2, 2, 7]
Flops:             322.665704 MFLOPS
# parameters:      3.254810000000001 M
----------------------------------------
Current model normalized score: 1.9879058278335728.
Val accuracy:      0.19669117647058823
Block choices:     [0. 0. 1. 0. 0. 0. 0. 2. 0. 0. 0. 2. 0. 0. 0. 0. 3. 1. 3. 3.]
Channel choices:   [6, 2, 2, 7, 7, 2, 3, 9, 9, 2, 7, 4, 2, 5, 8, 2, 2, 5, 3, 2]
Flops:             338.028968 MFLOPS
# parameters:      3.254921000000001 M
----------------------------------------
Current model normalized score: 1.9656465552367295.
Val accuracy:      0.2781329923273657
Block choices:     [3. 3. 0. 1. 0. 3. 0. 1. 1. 2. 0. 1. 2. 3. 2. 1. 3. 0. 1. 3.]
Channel choices:   [7, 4, 3, 4, 6, 5, 2, 2, 4, 5, 5, 7, 7, 4, 7, 3, 2, 3, 2, 3]
Flops:             334.588776 MFLOPS
# parameters:      3.214900000000002 M
----------------------------------------
Current model normalized score: 1.995996117647059.
Val accuracy:      0.35885416666666664
Block choices:     [0. 0. 1. 1. 2. 1. 3. 1. 1. 3. 0. 2. 2. 0. 1. 0. 3. 0. 1. 2.]
Channel choices:   [4, 9, 5, 7, 7, 5, 7, 6, 4, 8, 2, 3, 2, 2, 3, 5, 3, 2, 3, 2]
Flops:             353.451816 MFLOPS
# parameters:      3.1225570000000014 M
----------------------------------------
Current model normalized score: 1.8934323371592543.
Val accuracy:      0.23343590153452684
Block choices:     [0. 1. 1. 0. 3. 2. 1. 3. 3. 1. 2. 3. 0. 2. 3. 0. 1. 1. 0. 3.]
Channel choices:   [6, 4, 3, 8, 8, 5, 8, 2, 4, 5, 2, 2, 5, 5, 2, 3, 2, 2, 7, 2]
Flops:             315.584616 MFLOPS
# parameters:      3.1663660000000013 M
----------------------------------------
Current model normalized score: 1.9822625279770452.
Val accuracy:      0.27229859335038364
Block choices:     [3. 0. 0. 1. 3. 2. 2. 2. 2. 0. 2. 0. 0. 3. 1. 1. 3. 2. 3. 1.]
Channel choices:   [5, 4, 3, 4, 4, 7, 2, 9, 5, 6, 8, 6, 5, 2, 2, 2, 3, 6, 2, 4]
Flops:             324.434408 MFLOPS
# parameters:      3.3766530000000015 M
----------------------------------------
Current model normalized score: 1.9947006585365856.
Val accuracy:      0.39134615384615384
Block choices:     [1. 1. 2. 1. 1. 0. 0. 3. 1. 1. 1. 1. 1. 1. 3. 1. 0. 0. 0. 2.]
Channel choices:   [4, 4, 8, 3, 5, 8, 3, 5, 2, 2, 4, 6, 7, 2, 2, 6, 3, 4, 9, 2]
Flops:             335.639336 MFLOPS
# parameters:      3.3027940000000005 M
----------------------------------------
Current model normalized score: 1.96393724533716.
Val accuracy:      0.33312020460358055
Block choices:     [3. 3. 0. 0. 1. 1. 0. 1. 3. 2. 3. 3. 3. 3. 3. 0. 1. 0. 1. 1.]
Channel choices:   [6, 9, 5, 3, 4, 2, 7, 7, 3, 9, 2, 2, 5, 2, 3, 3, 3, 4, 4, 3]
Flops:             333.88004 MFLOPS
# parameters:      3.2164350000000024 M
----------------------------------------
Current model normalized score: 1.9099326814921094.
Val accuracy:      0.2586738782051282
Block choices:     [1. 0. 2. 2. 1. 2. 1. 3. 3. 2. 3. 3. 2. 1. 1. 0. 1. 2. 3. 0.]
Channel choices:   [2, 3, 9, 5, 9, 7, 2, 2, 3, 7, 2, 3, 4, 2, 4, 3, 2, 2, 3, 5]
Flops:             323.800936 MFLOPS
# parameters:      3.1372980000000013 M
----------------------------------------
Current model normalized score: 1.8763882109038743.
Val accuracy:      0.29012148337595906
Block choices:     [3. 2. 1. 0. 1. 0. 1. 2. 3. 1. 3. 1. 1. 3. 0. 0. 0. 0. 2. 0.]
Channel choices:   [2, 2, 5, 5, 3, 6, 2, 4, 2, 3, 4, 5, 8, 4, 3, 5, 4, 4, 4, 4]
Flops:             299.500072 MFLOPS
# parameters:      3.2751460000000026 M
----------------------------------------
Current model normalized score: 1.8959998981348645.
Val accuracy:      0.31397858056265987
Block choices:     [1. 1. 3. 1. 3. 2. 2. 2. 3. 3. 2. 2. 3. 0. 1. 1. 1. 0. 3. 1.]
Channel choices:   [6, 7, 3, 5, 2, 5, 2, 3, 4, 4, 7, 5, 2, 4, 5, 4, 3, 4, 3, 3]
Flops:             308.387496 MFLOPS
# parameters:      3.249700000000002 M
----------------------------------------
Current model normalized score: 1.9802036255380204.
Val accuracy:      0.4243389423076923
Block choices:     [0. 2. 1. 0. 1. 0. 3. 0. 1. 2. 0. 0. 2. 0. 1. 0. 1. 3. 0. 0.]
Channel choices:   [9, 7, 2, 6, 3, 7, 3, 6, 2, 3, 2, 6, 4, 7, 2, 2, 3, 3, 4, 9]
Flops:             325.390888 MFLOPS
# parameters:      3.3597380000000014 M
----------------------------------------
Current model normalized score: 1.9317948048780487.
Val accuracy:      0.26782289002557547
Block choices:     [0. 2. 3. 0. 3. 3. 2. 2. 2. 0. 0. 2. 1. 0. 1. 2. 3. 3. 1. 0.]
Channel choices:   [5, 5, 3, 2, 2, 4, 9, 7, 5, 2, 2, 2, 4, 7, 8, 8, 4, 2, 2, 2]
Flops:             324.537896 MFLOPS
# parameters:      3.2039899999999997 M
----------------------------------------
Current model normalized score: 1.9852583098995702.
Val accuracy:      0.3274656329923274
Block choices:     [3. 2. 1. 2. 2. 0. 2. 1. 3. 0. 1. 1. 1. 0. 0. 2. 0. 1. 1. 0.]
Channel choices:   [9, 2, 3, 3, 4, 2, 9, 8, 8, 3, 3, 8, 9, 3, 3, 4, 2, 2, 4, 2]
Flops:             346.574568 MFLOPS
# parameters:      3.157337000000002 M
----------------------------------------
Current model normalized score: 1.9817848149210908.
Val accuracy:      0.4074919871794872
Block choices:     [3. 2. 0. 1. 2. 1. 1. 0. 3. 3. 1. 0. 2. 1. 0. 0. 0. 1. 1. 2.]
Channel choices:   [3, 7, 3, 9, 7, 3, 4, 8, 4, 2, 2, 5, 2, 6, 8, 3, 6, 2, 3, 4]
Flops:             339.553064 MFLOPS
# parameters:      3.2183110000000013 M
----------------------------------------
Current model normalized score: 1.9926746944045912.
Val accuracy:      0.33084239130434784
Block choices:     [1. 2. 1. 1. 0. 1. 0. 0. 1. 1. 3. 3. 0. 3. 3. 3. 1. 0. 1. 3.]
Channel choices:   [6, 6, 3, 4, 5, 2, 5, 3, 3, 9, 2, 2, 5, 3, 4, 5, 3, 5, 5, 2]
Flops:             334.234408 MFLOPS
# parameters:      3.3104690000000003 M
----------------------------------------
Current model normalized score: 1.9473914088952657.
Val accuracy:      0.3743389423076923
Block choices:     [0. 2. 0. 1. 1. 1. 0. 2. 1. 2. 2. 1. 0. 2. 2. 1. 3. 2. 1. 0.]
Channel choices:   [2, 3, 4, 2, 9, 8, 4, 9, 3, 2, 4, 4, 6, 2, 2, 6, 3, 3, 4, 5]
Flops:             325.375208 MFLOPS
# parameters:      3.2483390000000014 M
----------------------------------------
Current model normalized score: 1.953585783357246.
Val accuracy:      0.28414721867007675
Block choices:     [3. 2. 3. 0. 2. 0. 0. 1. 3. 2. 1. 1. 2. 0. 0. 3. 0. 1. 0. 0.]
Channel choices:   [5, 2, 9, 7, 2, 9, 3, 2, 4, 7, 5, 2, 7, 2, 9, 3, 2, 2, 4, 6]
Flops:             328.106664 MFLOPS
# parameters:      3.2410860000000015 M
----------------------------------------
Current model normalized score: 1.9430658034433286.
Val accuracy:      0.32145140664961636
Block choices:     [2. 1. 3. 3. 3. 1. 0. 0. 1. 0. 2. 1. 2. 2. 3. 1. 3. 0. 1. 1.]
Channel choices:   [9, 5, 3, 3, 2, 4, 8, 5, 4, 3, 3, 6, 3, 7, 5, 3, 2, 4, 2, 6]
Flops:             324.70724 MFLOPS
# parameters:      3.240556 M
----------------------------------------
Current model normalized score: 1.9448932740315643.
Val accuracy:      0.2989383012820513
Block choices:     [0. 3. 1. 3. 3. 3. 3. 3. 1. 0. 2. 2. 2. 3. 2. 0. 0. 0. 1. 2.]
Channel choices:   [4, 3, 3, 3, 2, 3, 2, 9, 4, 2, 8, 3, 4, 2, 5, 6, 4, 2, 4, 4]
Flops:             328.950248 MFLOPS
# parameters:      3.202787000000001 M
----------------------------------------
Current model normalized score: 1.987188215208035.
Val accuracy:      0.376798273657289
Block choices:     [0. 3. 0. 0. 1. 1. 1. 1. 3. 2. 1. 1. 0. 3. 2. 1. 2. 3. 2. 2.]
Channel choices:   [4, 5, 6, 3, 4, 3, 4, 2, 3, 3, 3, 7, 4, 5, 4, 9, 7, 2, 4, 2]
Flops:             327.793064 MFLOPS
# parameters:      3.358585000000001 M
----------------------------------------
Current model normalized score: 1.9705260817790538.
Val accuracy:      0.3679467710997442
Block choices:     [3. 2. 2. 1. 1. 1. 2. 2. 3. 0. 3. 3. 2. 3. 1. 3. 1. 0. 3. 1.]
Channel choices:   [6, 3, 4, 3, 4, 6, 5, 4, 2, 5, 3, 5, 2, 6, 4, 3, 2, 2, 3, 7]
Flops:             326.184296 MFLOPS
# parameters:      3.3186100000000027 M
----------------------------------------
Current model normalized score: 1.9918300114777623.
Val accuracy:      0.4564903846153846
Block choices:     [0. 1. 3. 2. 1. 0. 0. 0. 1. 0. 1. 2. 2. 0. 1. 2. 2. 1. 1. 2.]
Channel choices:   [8, 8, 3, 9, 6, 5, 2, 5, 2, 2, 3, 3, 3, 4, 3, 2, 3, 7, 7, 4]
Flops:             329.981992 MFLOPS
# parameters:      3.3516770000000013 M
----------------------------------------
Current model normalized score: 1.9520741736011487.
Val accuracy:      0.2907608695652174
Block choices:     [2. 3. 0. 2. 2. 0. 1. 1. 1. 3. 1. 0. 1. 3. 2. 1. 3. 2. 2. 2.]
Channel choices:   [2, 6, 4, 7, 2, 5, 8, 7, 3, 6, 5, 3, 4, 2, 4, 2, 3, 3, 4, 4]
Flops:             325.118056 MFLOPS
# parameters:      3.2669260000000024 M
----------------------------------------
Current model normalized score: 1.9744768665710186.
Val accuracy:      0.2962139423076923
Block choices:     [0. 3. 0. 2. 2. 2. 0. 3. 3. 0. 0. 2. 0. 1. 1. 0. 3. 2. 1. 0.]
Channel choices:   [3, 3, 9, 2, 7, 4, 9, 4, 6, 2, 7, 3, 4, 5, 4, 9, 2, 5, 2, 3]
Flops:             334.613864 MFLOPS
# parameters:      3.244663 M
----------------------------------------
Current model normalized score: 1.9600576054519374.
Val accuracy:      0.36447010869565216
Block choices:     [0. 2. 1. 1. 2. 0. 2. 0. 0. 1. 1. 1. 1. 0. 1. 0. 2. 1. 3. 0.]
Channel choices:   [2, 7, 6, 9, 3, 5, 9, 4, 2, 5, 5, 4, 3, 4, 6, 2, 3, 6, 3, 3]
Flops:             329.047464 MFLOPS
# parameters:      3.253338000000002 M
----------------------------------------
Current model normalized score: 1.9431382080344337.
Val accuracy:      0.35841592071611256
Block choices:     [3. 3. 1. 0. 1. 3. 2. 1. 3. 3. 2. 2. 2. 0. 0. 3. 1. 1. 1. 2.]
Channel choices:   [3, 6, 5, 8, 4, 3, 3, 8, 3, 3, 2, 3, 7, 8, 2, 6, 2, 3, 5, 3]
Flops:             326.711144 MFLOPS
# parameters:      3.2200300000000013 M
----------------------------------------
Current model normalized score: 1.9709631076040175.
Val accuracy:      0.38217147435897436
Block choices:     [3. 1. 0. 0. 2. 1. 0. 0. 1. 1. 2. 0. 2. 1. 3. 0. 1. 1. 0. 0.]
Channel choices:   [7, 4, 9, 5, 5, 6, 4, 4, 4, 9, 7, 4, 4, 6, 2, 8, 2, 2, 3, 3]
Flops:             346.279784 MFLOPS
# parameters:      3.111789000000001 M
----------------------------------------
Current model normalized score: 1.9120750172166427.
Val accuracy:      0.22078804347826086
Block choices:     [0. 3. 3. 0. 2. 0. 0. 1. 3. 0. 0. 1. 3. 1. 1. 1. 0. 0. 1. 1.]
Channel choices:   [2, 2, 7, 3, 8, 3, 2, 2, 2, 9, 2, 9, 2, 2, 7, 5, 4, 5, 2, 3]
Flops:             319.275688 MFLOPS
# parameters:      3.19149 M
----------------------------------------
Current model normalized score: 1.9861958134863706.
Val accuracy:      0.29028132992327366
Block choices:     [0. 0. 2. 2. 3. 3. 1. 3. 2. 0. 1. 3. 1. 0. 0. 0. 0. 3. 1. 2.]
Channel choices:   [5, 5, 2, 5, 2, 6, 4, 2, 2, 4, 9, 4, 2, 5, 5, 3, 4, 3, 9, 2]
Flops:             321.721768 MFLOPS
# parameters:      3.4181450000000013 M
----------------------------------------
Current model normalized score: 1.9948201406025832.
Val accuracy:      0.3031650641025641
Block choices:     [0. 3. 1. 1. 3. 2. 3. 1. 3. 0. 0. 0. 1. 0. 3. 1. 2. 0. 3. 2.]
Channel choices:   [4, 6, 9, 8, 3, 7, 9, 3, 2, 8, 3, 2, 6, 9, 4, 3, 2, 3, 3, 2]
Flops:             348.170792 MFLOPS
# parameters:      3.173301000000002 M
----------------------------------------
Current model normalized score: 1.9270251047345768.
Val accuracy:      0.41278372762148335
Block choices:     [3. 0. 0. 0. 1. 0. 2. 0. 3. 0. 0. 0. 1. 1. 1. 0. 0. 0. 2. 0.]
Channel choices:   [7, 4, 8, 3, 3, 5, 3, 6, 4, 3, 3, 2, 9, 6, 5, 6, 7, 2, 2, 3]
Flops:             323.474792 MFLOPS
# parameters:      3.198793 M
----------------------------------------
Current model normalized score: 1.979573242467719.
Val accuracy:      0.26734775641025643
Block choices:     [0. 3. 2. 1. 3. 0. 3. 0. 2. 1. 2. 2. 1. 2. 1. 1. 1. 2. 1. 2.]
Channel choices:   [6, 2, 6, 5, 9, 5, 3, 3, 9, 2, 5, 5, 2, 2, 4, 2, 2, 4, 5, 2]
Flops:             345.40484 MFLOPS
# parameters:      3.150133000000001 M
----------------------------------------
Current model normalized score: 1.9333073629842186.
Val accuracy:      0.38590952685422
Block choices:     [0. 2. 1. 2. 1. 2. 2. 2. 0. 1. 1. 0. 2. 3. 2. 1. 0. 1. 2. 0.]
Channel choices:   [5, 5, 5, 8, 2, 5, 2, 2, 2, 2, 8, 3, 2, 5, 5, 5, 5, 5, 2, 4]
Flops:             322.051048 MFLOPS
# parameters:      3.2349110000000016 M
----------------------------------------
Current model normalized score: 1.9958182123385946.
Val accuracy:      0.36598865089514065
Block choices:     [0. 0. 0. 0. 1. 0. 0. 2. 2. 1. 2. 3. 3. 3. 2. 1. 0. 1. 1. 3.]
Channel choices:   [6, 9, 6, 8, 2, 8, 6, 3, 2, 3, 4, 6, 3, 3, 7, 3, 2, 7, 3, 3]
Flops:             333.146216 MFLOPS
# parameters:      3.3324370000000023 M
----------------------------------------
Current model normalized score: 1.9967782051649932.
Val accuracy:      0.2248397435897436
Block choices:     [0. 1. 0. 0. 0. 3. 2. 2. 0. 2. 2. 1. 3. 2. 2. 3. 2. 0. 3. 2.]
Channel choices:   [3, 3, 6, 5, 7, 4, 2, 3, 5, 4, 6, 3, 2, 7, 5, 2, 2, 8, 3, 3]
Flops:             331.421416 MFLOPS
# parameters:      3.353580000000001 M
----------------------------------------
Current model normalized score: 1.8866551219512195.
Val accuracy:      0.21187659846547316
Block choices:     [0. 2. 1. 2. 1. 0. 0. 0. 0. 3. 3. 2. 2. 3. 2. 0. 0. 1. 1. 2.]
Channel choices:   [2, 2, 3, 4, 5, 2, 5, 2, 3, 5, 4, 2, 5, 2, 2, 2, 2, 8, 2, 7]
Flops:             297.1418 MFLOPS
# parameters:      3.3344990000000005 M
----------------------------------------
Current model normalized score: 1.8760988895265425.
Val accuracy:      0.2591711956521739
Block choices:     [2. 1. 2. 0. 2. 0. 0. 1. 3. 0. 1. 2. 3. 3. 0. 1. 0. 0. 0. 0.]
Channel choices:   [9, 2, 2, 2, 2, 3, 6, 3, 4, 5, 5, 3, 6, 5, 5, 2, 2, 2, 5, 3]
Flops:             310.560744 MFLOPS
# parameters:      3.1595090000000003 M
----------------------------------------
Current model normalized score: 1.9024838407460547.
Val accuracy:      0.1270633012820513
Block choices:     [3. 0. 0. 1. 2. 2. 2. 1. 1. 0. 3. 0. 0. 3. 1. 1. 3. 0. 2. 3.]
Channel choices:   [2, 6, 8, 4, 2, 3, 4, 5, 5, 5, 6, 6, 3, 6, 2, 2, 4, 2, 2, 2]
Flops:             312.846888 MFLOPS
# parameters:      3.225520000000001 M
----------------------------------------
Current model normalized score: 1.9687775724533723.
Val accuracy:      0.26736333120204603
Block choices:     [3. 2. 0. 3. 2. 3. 1. 1. 3. 2. 2. 0. 3. 2. 0. 0. 3. 0. 3. 2.]
Channel choices:   [8, 5, 5, 6, 8, 2, 2, 2, 2, 8, 2, 3, 4, 3, 4, 3, 2, 6, 4, 3]
Flops:             324.713512 MFLOPS
# parameters:      3.3279110000000025 M
----------------------------------------
Current model normalized score: 1.8780725824964135.
Val accuracy:      0.1619190705128205
Block choices:     [0. 3. 2. 3. 3. 1. 3. 0. 1. 0. 0. 1. 2. 2. 3. 2. 0. 1. 3. 2.]
Channel choices:   [4, 2, 2, 2, 4, 9, 2, 5, 5, 5, 6, 2, 2, 3, 2, 4, 3, 7, 3, 2]
Flops:             304.37028 MFLOPS
# parameters:      3.230389000000001 M
----------------------------------------
Current model normalized score: 1.9907632682926837.
Val accuracy:      0.40045556265984655
Block choices:     [2. 1. 3. 0. 0. 2. 1. 0. 3. 1. 1. 3. 0. 1. 0. 0. 0. 1. 2. 1.]
Channel choices:   [2, 9, 6, 5, 5, 5, 5, 3, 3, 8, 3, 5, 2, 3, 3, 6, 4, 5, 4, 4]
Flops:             332.584872 MFLOPS
# parameters:      3.3210690000000023 M
----------------------------------------
Current model normalized score: 1.9686565251076042.
Val accuracy:      0.2577925191815857
Block choices:     [2. 0. 3. 2. 0. 2. 1. 0. 0. 2. 1. 3. 3. 0. 1. 0. 3. 1. 1. 3.]
Channel choices:   [4, 2, 5, 5, 2, 3, 8, 6, 4, 2, 3, 3, 2, 3, 7, 6, 5, 2, 7, 2]
Flops:             317.187112 MFLOPS
# parameters:      3.405517000000001 M
----------------------------------------
Current model normalized score: 1.9961004447632718.
Val accuracy:      0.39465144230769234
Block choices:     [2. 2. 0. 1. 3. 1. 1. 3. 1. 0. 2. 1. 2. 1. 2. 0. 2. 2. 1. 2.]
Channel choices:   [2, 5, 7, 3, 4, 2, 2, 2, 4, 4, 5, 9, 8, 4, 4, 4, 3, 3, 7, 5]
Flops:             322.68452 MFLOPS
# parameters:      3.441841000000002 M
----------------------------------------
Current model normalized score: 1.9828270703012918.
Val accuracy:      0.3788562979539642
Block choices:     [3. 1. 3. 1. 0. 1. 3. 2. 0. 2. 0. 1. 2. 2. 0. 2. 0. 1. 1. 2.]
Channel choices:   [6, 6, 5, 2, 3, 6, 5, 4, 6, 8, 7, 4, 3, 6, 3, 4, 2, 3, 4, 3]
Flops:             344.768232 MFLOPS
# parameters:      3.167795000000002 M
----------------------------------------
Current model normalized score: 1.8981864218077475.
Val accuracy:      0.26284766624040923
Block choices:     [3. 2. 1. 0. 2. 2. 0. 0. 3. 3. 0. 1. 2. 2. 1. 1. 1. 1. 3. 2.]
Channel choices:   [3, 5, 2, 2, 6, 7, 8, 6, 3, 3, 2, 6, 4, 2, 8, 8, 2, 2, 2, 4]
Flops:             321.536744 MFLOPS
# parameters:      3.1208310000000004 M
----------------------------------------
Current model normalized score: 1.91573681061693.
Val accuracy:      0.4340544871794872
Block choices:     [3. 1. 3. 1. 1. 1. 0. 2. 0. 2. 2. 0. 1. 0. 2. 2. 1. 0. 0. 0.]
Channel choices:   [8, 4, 5, 3, 3, 4, 7, 7, 3, 5, 3, 5, 3, 4, 4, 3, 4, 2, 5, 3]
Flops:             327.460648 MFLOPS
# parameters:      3.119096000000001 M
----------------------------------------
Current model normalized score: 1.9299507905308473.
Val accuracy:      0.3554587595907928
Block choices:     [3. 0. 1. 0. 3. 0. 3. 1. 2. 1. 1. 0. 2. 3. 1. 0. 0. 2. 0. 1.]
Channel choices:   [2, 2, 8, 8, 5, 4, 6, 3, 2, 4, 2, 6, 2, 4, 4, 7, 5, 4, 3, 4]
Flops:             319.545384 MFLOPS
# parameters:      3.249472000000002 M
----------------------------------------
Current model normalized score: 1.993391384505022.
Val accuracy:      0.17556089743589742
Block choices:     [3. 3. 3. 3. 1. 0. 2. 3. 3. 2. 3. 2. 0. 1. 1. 2. 2. 0. 2. 0.]
Channel choices:   [2, 2, 4, 5, 2, 2, 9, 2, 2, 9, 7, 7, 3, 3, 5, 5, 5, 4, 2, 3]
Flops:             331.98276 MFLOPS
# parameters:      3.336246000000002 M
----------------------------------------
Current model normalized score: 1.9665275853658537.
Val accuracy:      0.33553788363171355
Block choices:     [2. 1. 1. 1. 1. 1. 1. 0. 3. 2. 1. 3. 0. 0. 0. 1. 3. 3. 1. 0.]
Channel choices:   [4, 9, 8, 8, 2, 7, 3, 4, 4, 2, 5, 6, 2, 6, 4, 3, 2, 2, 8, 4]
Flops:             320.875048 MFLOPS
# parameters:      3.3600500000000006 M
----------------------------------------
Current model normalized score: 1.9445727144906746.
Val accuracy:      0.2748561381074169
Block choices:     [0. 1. 1. 0. 2. 3. 3. 0. 1. 0. 0. 2. 1. 3. 0. 2. 2. 1. 2. 0.]
Channel choices:   [4, 4, 3, 4, 7, 5, 2, 5, 5, 8, 2, 6, 2, 2, 4, 2, 2, 7, 2, 4]
Flops:             328.777768 MFLOPS
# parameters:      3.203485000000001 M
----------------------------------------
Current model normalized score: 1.966747209469154.
Val accuracy:      0.3364783653846154
Block choices:     [1. 1. 3. 2. 3. 1. 2. 0. 3. 1. 3. 3. 1. 2. 0. 2. 0. 1. 1. 2.]
Channel choices:   [2, 6, 4, 3, 4, 6, 2, 3, 2, 8, 2, 6, 2, 8, 2, 4, 3, 4, 6, 6]
Flops:             312.39844 MFLOPS
# parameters:      3.4486640000000013 M
----------------------------------------
Current model normalized score: 1.9434097733142044.
Val accuracy:      0.3424112851662404
Block choices:     [1. 2. 0. 1. 2. 0. 2. 2. 3. 3. 2. 3. 1. 2. 0. 0. 0. 3. 1. 3.]
Channel choices:   [4, 7, 5, 5, 2, 6, 3, 5, 5, 2, 3, 3, 6, 4, 9, 4, 2, 3, 4, 3]
Flops:             320.420328 MFLOPS
# parameters:      3.2861630000000024 M
----------------------------------------
Current model normalized score: 1.9622862252510767.
Val accuracy:      0.34522858056265987
Block choices:     [0. 0. 0. 0. 3. 3. 1. 2. 2. 0. 0. 2. 1. 2. 2. 0. 0. 1. 2. 1.]
Channel choices:   [2, 2, 9, 4, 3, 6, 5, 4, 2, 7, 6, 9, 7, 7, 5, 3, 2, 3, 5, 3]
Flops:             327.250536 MFLOPS
# parameters:      3.2795420000000015 M
----------------------------------------
Current model normalized score: 1.9299730573888094.
Val accuracy:      0.23078926282051282
Block choices:     [1. 0. 1. 3. 3. 2. 3. 3. 1. 2. 3. 0. 2. 0. 0. 2. 3. 3. 1. 2.]
Channel choices:   [9, 6, 3, 2, 2, 7, 2, 7, 2, 5, 3, 9, 5, 4, 2, 2, 2, 2, 5, 5]
Flops:             318.134184 MFLOPS
# parameters:      3.264176000000001 M
----------------------------------------
Current model normalized score: 1.99860962123386.
Val accuracy:      0.3283048273657289
Block choices:     [2. 2. 3. 0. 2. 0. 2. 3. 3. 0. 0. 1. 0. 0. 0. 2. 1. 1. 1. 2.]
Channel choices:   [3, 8, 2, 4, 2, 5, 3, 9, 3, 2, 7, 3, 3, 6, 9, 3, 5, 3, 3, 4]
Flops:             340.556584 MFLOPS
# parameters:      3.2651130000000017 M
----------------------------------------
Current model normalized score: 1.9947555351506465.
Val accuracy:      0.2971754807692308
Block choices:     [3. 0. 0. 2. 3. 2. 1. 0. 2. 2. 2. 1. 1. 3. 2. 1. 0. 0. 3. 0.]
Channel choices:   [2, 8, 7, 6, 4, 6, 7, 8, 9, 3, 3, 4, 2, 3, 3, 3, 2, 6, 3, 3]
Flops:             342.745512 MFLOPS
# parameters:      3.2293190000000025 M
----------------------------------------
Current model normalized score: 1.79628768579627.
Val accuracy:      0.19581202046035806
Block choices:     [2. 1. 2. 0. 3. 0. 2. 3. 1. 0. 2. 2. 2. 0. 3. 2. 1. 0. 0. 2.]
Channel choices:   [2, 3, 2, 3, 4, 2, 8, 3, 3, 5, 8, 2, 3, 3, 2, 2, 3, 2, 4, 5]
Flops:             288.448808 MFLOPS
# parameters:      3.117360000000001 M
----------------------------------------
Current model normalized score: 1.9988818823529415.
Val accuracy:      0.22614290281329924
Block choices:     [2. 0. 1. 0. 3. 3. 1. 1. 2. 3. 0. 0. 0. 2. 3. 2. 1. 2. 0. 3.]
Channel choices:   [2, 6, 2, 3, 2, 4, 3, 5, 2, 5, 4, 3, 7, 5, 7, 5, 4, 3, 7, 2]
Flops:             324.779368 MFLOPS
# parameters:      3.4295830000000014 M
----------------------------------------
Current model normalized score: 1.9625646513629844.
Val accuracy:      0.17892628205128205
Block choices:     [3. 1. 0. 2. 0. 2. 3. 2. 0. 2. 0. 1. 0. 1. 1. 0. 3. 3. 3. 2.]
Channel choices:   [2, 3, 8, 9, 7, 2, 4, 5, 8, 4, 4, 9, 4, 2, 3, 6, 2, 2, 2, 3]
Flops:             341.886248 MFLOPS
# parameters:      3.1287770000000004 M
----------------------------------------
Current model normalized score: 1.9697956441893831.
Val accuracy:      0.3702046035805627
Block choices:     [2. 0. 1. 3. 0. 0. 0. 1. 2. 1. 2. 2. 3. 1. 2. 1. 3. 2. 0. 2.]
Channel choices:   [4, 3, 5, 6, 2, 3, 7, 3, 3, 5, 4, 3, 5, 2, 5, 9, 6, 2, 2, 3]
Flops:             319.332136 MFLOPS
# parameters:      3.387155000000001 M
----------------------------------------
Current model normalized score: 1.9896421406025828.
Val accuracy:      0.29126039002557547
Block choices:     [0. 1. 1. 1. 0. 1. 1. 0. 3. 1. 0. 3. 2. 3. 2. 3. 1. 2. 2. 0.]
Channel choices:   [4, 4, 8, 5, 9, 2, 2, 8, 5, 4, 6, 7, 9, 2, 4, 2, 2, 2, 2, 4]
Flops:             345.727848 MFLOPS
# parameters:      3.1810190000000014 M
----------------------------------------
Current model normalized score: 1.9593306441893834.
Val accuracy:      0.27662259615384616
Block choices:     [1. 1. 2. 2. 3. 0. 0. 0. 1. 0. 2. 3. 1. 2. 2. 3. 3. 2. 1. 2.]
Channel choices:   [2, 3, 3, 3, 2, 9, 2, 5, 4, 5, 4, 2, 4, 7, 6, 9, 3, 3, 3, 3]
Flops:             319.975016 MFLOPS
# parameters:      3.3449100000000014 M
----------------------------------------
Current model normalized score: 1.955991295552368.
Val accuracy:      0.26586476982097185
Block choices:     [0. 1. 3. 0. 2. 1. 0. 0. 3. 0. 1. 0. 0. 1. 0. 0. 3. 0. 0. 1.]
Channel choices:   [4, 8, 3, 4, 2, 5, 2, 8, 4, 9, 5, 4, 8, 2, 4, 2, 5, 2, 7, 3]
Flops:             306.995112 MFLOPS
# parameters:      3.4681040000000016 M
----------------------------------------
Current model normalized score: 1.9977000243902443.
Val accuracy:      0.2662860576923077
Block choices:     [3. 1. 0. 3. 0. 1. 3. 1. 3. 1. 0. 2. 3. 0. 2. 1. 1. 0. 2. 3.]
Channel choices:   [5, 6, 6, 4, 7, 2, 2, 4, 4, 4, 5, 6, 2, 5, 9, 3, 7, 3, 2, 2]
Flops:             339.001128 MFLOPS
# parameters:      3.278144000000001 M
----------------------------------------
Current model normalized score: 1.998193341463415.
Val accuracy:      0.21972906010230178
Block choices:     [3. 2. 1. 2. 1. 0. 2. 1. 3. 1. 1. 2. 2. 1. 0. 2. 3. 0. 0. 0.]
Channel choices:   [2, 4, 2, 6, 6, 3, 4, 2, 7, 7, 9, 3, 2, 2, 9, 4, 4, 7, 2, 2]
Flops:             323.048296 MFLOPS
# parameters:      3.4451860000000014 M
----------------------------------------
Current model normalized score: 1.9834259842180781.
Val accuracy:      0.3282448849104859
Block choices:     [0. 0. 3. 0. 1. 0. 3. 3. 0. 2. 3. 2. 1. 2. 1. 0. 2. 0. 3. 2.]
Channel choices:   [5, 5, 5, 5, 6, 3, 2, 4, 4, 2, 2, 4, 9, 9, 2, 5, 5, 2, 3, 2]
Flops:             341.042664 MFLOPS
# parameters:      3.208450000000002 M
----------------------------------------
Current model normalized score: 1.984498836441894.
Val accuracy:      0.42888621794871795
Block choices:     [1. 3. 1. 2. 3. 1. 1. 0. 0. 0. 2. 1. 2. 0. 0. 2. 3. 2. 1. 2.]
Channel choices:   [5, 3, 5, 8, 7, 9, 2, 8, 3, 4, 2, 8, 3, 3, 3, 4, 4, 4, 2, 5]
Flops:             331.484136 MFLOPS
# parameters:      3.311180000000001 M
----------------------------------------
Current model normalized score: 1.9235813142037304.
Val accuracy:      0.3908847506393862
Block choices:     [1. 0. 0. 1. 3. 0. 0. 1. 1. 2. 1. 2. 0. 0. 2. 1. 3. 0. 3. 2.]
Channel choices:   [9, 6, 6, 7, 3, 9, 3, 2, 2, 2, 3, 6, 5, 2, 2, 7, 3, 5, 5, 2]
Flops:             306.593704 MFLOPS
# parameters:      3.3620710000000003 M
----------------------------------------
Current model normalized score: 1.974052777618365.
Val accuracy:      0.3421315537084399
Block choices:     [3. 2. 2. 2. 1. 3. 1. 2. 0. 1. 3. 1. 2. 1. 0. 0. 1. 3. 1. 1.]
Channel choices:   [9, 6, 3, 4, 2, 5, 6, 3, 4, 6, 2, 4, 3, 3, 4, 4, 5, 4, 2, 2]
Flops:             339.584424 MFLOPS
# parameters:      3.1916970000000013 M
----------------------------------------
Current model normalized score: 1.9384761434720232.
Val accuracy:      0.28014823717948717
Block choices:     [1. 2. 1. 3. 2. 2. 3. 2. 3. 0. 2. 3. 1. 1. 2. 3. 2. 1. 2. 2.]
Channel choices:   [6, 7, 6, 5, 7, 8, 2, 3, 3, 2, 6, 3, 2, 4, 5, 2, 3, 5, 2, 2]
Flops:             337.417448 MFLOPS
# parameters:      3.0931990000000007 M
----------------------------------------
Current model normalized score: 1.9273233830703014.
Val accuracy:      0.2700207800511509
Block choices:     [1. 2. 2. 0. 0. 3. 1. 3. 3. 2. 2. 2. 0. 2. 1. 3. 2. 0. 2. 1.]
Channel choices:   [6, 5, 5, 3, 4, 2, 7, 2, 3, 6, 4, 3, 9, 6, 5, 4, 2, 6, 2, 2]
Flops:             323.537512 MFLOPS
# parameters:      3.1991570000000005 M
----------------------------------------
Current model normalized score: 1.9970194246771882.
Val accuracy:      0.3639423076923077
Block choices:     [3. 0. 3. 3. 2. 1. 2. 3. 0. 1. 2. 0. 3. 0. 0. 2. 2. 0. 2. 1.]
Channel choices:   [7, 6, 6, 3, 3, 2, 2, 3, 2, 3, 8, 6, 2, 4, 4, 4, 3, 8, 3, 6]
Flops:             325.698216 MFLOPS
# parameters:      3.413726000000001 M
----------------------------------------
Current model normalized score: 1.9799464921090393.
Val accuracy:      0.3446491368286445
Block choices:     [3. 2. 0. 3. 3. 3. 1. 2. 3. 2. 2. 3. 2. 0. 0. 2. 2. 0. 2. 0.]
Channel choices:   [7, 3, 9, 4, 2, 2, 2, 4, 7, 2, 9, 4, 6, 5, 5, 6, 4, 3, 2, 3]
Flops:             332.13956 MFLOPS
# parameters:      3.2889080000000015 M
----------------------------------------
Current model normalized score: 1.9489234232424681.
Val accuracy:      0.23921035805626598
Block choices:     [2. 1. 2. 3. 3. 2. 3. 1. 1. 3. 1. 3. 1. 3. 3. 3. 2. 0. 0. 1.]
Channel choices:   [4, 8, 6, 5, 4, 3, 3, 8, 3, 6, 2, 2, 2, 5, 2, 2, 4, 3, 3, 3]
Flops:             335.382184 MFLOPS
# parameters:      3.1498170000000014 M
----------------------------------------
Current model normalized score: 1.9973936872309903.
Val accuracy:      0.24090544871794872
Block choices:     [1. 1. 1. 2. 3. 2. 0. 3. 0. 2. 3. 0. 2. 1. 3. 2. 3. 2. 0. 2.]
Channel choices:   [3, 8, 4, 3, 5, 2, 8, 9, 6, 7, 4, 5, 2, 2, 4, 8, 2, 3, 2, 2]
Flops:             352.05316 MFLOPS
# parameters:      3.141807000000001 M
----------------------------------------
Current model normalized score: 1.9776251004304166.
Val accuracy:      0.24780210997442456
Block choices:     [2. 2. 0. 0. 2. 0. 1. 3. 0. 1. 1. 1. 0. 2. 1. 0. 0. 1. 0. 2.]
Channel choices:   [2, 2, 3, 2, 2, 4, 8, 5, 7, 7, 2, 5, 2, 7, 4, 2, 4, 6, 4, 3]
Flops:             329.89732 MFLOPS
# parameters:      3.3042580000000017 M
----------------------------------------
Current model normalized score: 1.958496164992827.
Val accuracy:      0.35537883631713557
Block choices:     [1. 2. 0. 0. 3. 2. 0. 1. 0. 3. 0. 0. 2. 1. 0. 1. 2. 2. 0. 0.]
Channel choices:   [2, 9, 2, 4, 3, 3, 5, 3, 2, 5, 5, 7, 2, 2, 4, 5, 5, 4, 7, 4]
Flops:             312.376488 MFLOPS
# parameters:      3.4208380000000016 M
----------------------------------------
Current model normalized score: 1.9729725136298426.
Val accuracy:      0.45997596153846154
Block choices:     [0. 3. 2. 3. 3. 1. 1. 0. 0. 2. 0. 2. 0. 1. 1. 1. 0. 2. 3. 0.]
Channel choices:   [6, 6, 5, 7, 4, 4, 6, 6, 2, 4, 6, 3, 2, 2, 9, 5, 4, 2, 4, 3]
Flops:             337.056808 MFLOPS
# parameters:      3.2142250000000017 M
----------------------------------------
Current model normalized score: 1.9250938249641325.
Val accuracy:      0.32456841432225064
Block choices:     [2. 3. 0. 2. 0. 0. 2. 1. 3. 2. 1. 1. 0. 1. 1. 1. 2. 2. 1. 2.]
Channel choices:   [5, 2, 4, 5, 5, 5, 4, 2, 7, 4, 4, 5, 2, 3, 3, 3, 2, 7, 3, 4]
Flops:             313.038184 MFLOPS
# parameters:      3.300411000000002 M
----------------------------------------
Current model normalized score: 1.9711149296987087.
Val accuracy:      0.38627804487179485
Block choices:     [2. 0. 2. 2. 2. 1. 0. 0. 2. 0. 0. 2. 0. 3. 2. 0. 2. 0. 1. 1.]
Channel choices:   [7, 5, 3, 7, 3, 3, 3, 7, 2, 3, 2, 5, 3, 6, 3, 8, 7, 2, 2, 2]
Flops:             341.434664 MFLOPS
# parameters:      3.162529 M
----------------------------------------
Current model normalized score: 1.9822946642754666.
Val accuracy:      0.2347546355498721
Block choices:     [1. 0. 2. 0. 2. 1. 0. 3. 3. 0. 3. 1. 2. 1. 1. 0. 3. 1. 2. 1.]
Channel choices:   [3, 7, 3, 2, 2, 8, 3, 3, 2, 4, 4, 9, 2, 7, 9, 4, 4, 2, 9, 2]
Flops:             311.689704 MFLOPS
# parameters:      3.508872000000001 M
----------------------------------------
Current model normalized score: 1.9163330688665714.
Val accuracy:      0.35755674552429667
Block choices:     [1. 1. 0. 1. 3. 1. 2. 1. 1. 1. 0. 1. 2. 2. 2. 1. 1. 3. 1. 2.]
Channel choices:   [9, 6, 3, 2, 8, 7, 3, 6, 4, 6, 6, 5, 2, 2, 2, 2, 2, 2, 4, 4]
Flops:             328.865576 MFLOPS
# parameters:      3.1065600000000013 M
----------------------------------------
Current model normalized score: 1.918989572453372.
Val accuracy:      0.3330128205128205
Block choices:     [1. 0. 0. 1. 3. 2. 0. 2. 3. 0. 1. 1. 0. 1. 0. 2. 1. 2. 1. 3.]
Channel choices:   [2, 7, 3, 4, 5, 5, 2, 3, 2, 8, 4, 7, 5, 3, 2, 8, 3, 6, 2, 4]
Flops:             303.627048 MFLOPS
# parameters:      3.3772110000000017 M
----------------------------------------
Current model normalized score: 1.9605121506456245.
Val accuracy:      0.31783487851662406
Block choices:     [3. 3. 0. 0. 1. 2. 0. 3. 3. 0. 3. 0. 3. 1. 0. 0. 1. 1. 0. 3.]
Channel choices:   [6, 4, 7, 3, 3, 6, 2, 2, 6, 9, 3, 4, 2, 5, 3, 8, 2, 2, 3, 5]
Flops:             320.884456 MFLOPS
# parameters:      3.3395000000000006 M
----------------------------------------
Current model normalized score: 1.9836698866571019.
Val accuracy:      0.4049112851662404
Block choices:     [2. 1. 2. 1. 1. 2. 2. 0. 1. 1. 0. 1. 2. 1. 1. 1. 0. 2. 0. 2.]
Channel choices:   [3, 8, 4, 9, 2, 4, 3, 9, 3, 5, 2, 2, 7, 4, 4, 9, 2, 7, 2, 5]
Flops:             333.657384 MFLOPS
# parameters:      3.2858340000000004 M
----------------------------------------
Current model normalized score: 1.9927713830703015.
Val accuracy:      0.3259014423076923
Block choices:     [3. 0. 1. 1. 3. 0. 0. 2. 1. 2. 1. 2. 0. 0. 1. 0. 1. 1. 0. 1.]
Channel choices:   [3, 2, 2, 6, 7, 5, 9, 7, 3, 3, 9, 2, 6, 4, 9, 8, 4, 3, 2, 3]
Flops:             343.338216 MFLOPS
# parameters:      3.216429000000001 M
----------------------------------------
Current model normalized score: 1.985136098995696.
Val accuracy:      0.37989530051150894
Block choices:     [1. 1. 2. 3. 3. 2. 0. 1. 2. 0. 1. 2. 2. 1. 1. 2. 1. 2. 2. 2.]
Channel choices:   [8, 8, 2, 2, 5, 8, 9, 5, 4, 6, 3, 8, 2, 2, 2, 2, 3, 4, 3, 5]
Flops:             340.352744 MFLOPS
# parameters:      3.221416000000001 M
----------------------------------------
Current model normalized score: 1.9840727159253948.
Val accuracy:      0.32702323717948717
Block choices:     [3. 1. 3. 2. 3. 0. 1. 0. 0. 0. 1. 3. 2. 1. 2. 0. 0. 3. 2. 0.]
Channel choices:   [3, 7, 5, 6, 2, 2, 7, 6, 6, 5, 5, 6, 3, 5, 4, 6, 2, 2, 2, 7]
Flops:             336.708712 MFLOPS
# parameters:      3.2555740000000006 M
----------------------------------------
Current model normalized score: 1.9869204246771883.
Val accuracy:      0.363590952685422
Block choices:     [0. 0. 2. 1. 3. 1. 0. 2. 3. 3. 1. 2. 0. 0. 1. 1. 0. 2. 2. 1.]
Channel choices:   [7, 3, 2, 6, 4, 5, 6, 2, 7, 3, 8, 5, 4, 2, 6, 9, 2, 8, 2, 2]
Flops:             327.369704 MFLOPS
# parameters:      3.362063000000001 M
----------------------------------------
Current model normalized score: 1.9958138378766141.
Val accuracy:      0.37372122762148335
Block choices:     [0. 2. 1. 1. 0. 3. 0. 0. 1. 1. 2. 1. 2. 1. 0. 0. 3. 0. 1. 1.]
Channel choices:   [6, 2, 8, 4, 8, 4, 3, 3, 9, 2, 2, 7, 3, 2, 7, 4, 4, 2, 2, 5]
Flops:             342.62948 MFLOPS
# parameters:      3.2341200000000003 M
----------------------------------------
Current model normalized score: 1.9836441736011479.
Val accuracy:      0.34194711538461536
Block choices:     [3. 0. 2. 2. 2. 0. 3. 2. 2. 3. 1. 3. 2. 3. 0. 1. 2. 2. 3. 2.]
Channel choices:   [5, 4, 4, 4, 3, 8, 3, 4, 2, 2, 2, 8, 4, 2, 7, 5, 3, 2, 2, 6]
Flops:             334.118376 MFLOPS
# parameters:      3.2809680000000006 M
----------------------------------------
Current model normalized score: 1.9668416126255388.
Val accuracy:      0.3420915920716113
Block choices:     [0. 0. 2. 1. 3. 1. 0. 0. 1. 2. 0. 2. 3. 0. 1. 1. 2. 2. 1. 0.]
Channel choices:   [4, 6, 7, 4, 2, 6, 4, 5, 8, 5, 5, 5, 3, 8, 3, 2, 4, 2, 4, 3]
Flops:             336.172456 MFLOPS
# parameters:      3.2025470000000023 M
----------------------------------------
Current model normalized score: 1.80667018507891.
Val accuracy:      0.2810501918158568
Block choices:     [0. 1. 0. 0. 2. 1. 3. 2. 3. 2. 2. 3. 0. 3. 0. 0. 0. 1. 0. 0.]
Channel choices:   [4, 7, 3, 5, 5, 4, 2, 2, 2, 9, 4, 3, 3, 3, 3, 2, 2, 4, 2, 6]
Flops:             291.233576 MFLOPS
# parameters:      3.123794000000001 M
----------------------------------------
Current model normalized score: 1.9055896068866574.
Val accuracy:      0.3326923076923077
Block choices:     [2. 0. 1. 2. 1. 1. 0. 1. 1. 0. 2. 2. 0. 0. 3. 2. 0. 2. 0. 0.]
Channel choices:   [4, 7, 4, 6, 3, 5, 9, 2, 2, 6, 7, 2, 4, 5, 5, 2, 3, 2, 3, 5]
Flops:             322.963624 MFLOPS
# parameters:      3.131211000000001 M
----------------------------------------
Current model normalized score: 1.9929809038737452.
Val accuracy:      0.29883312020460356
Block choices:     [2. 2. 0. 0. 0. 3. 0. 3. 2. 3. 0. 1. 1. 2. 0. 2. 1. 2. 1. 2.]
Channel choices:   [2, 8, 5, 2, 6, 4, 2, 4, 2, 5, 9, 8, 2, 7, 5, 3, 2, 2, 6, 3]
Flops:             339.85412 MFLOPS
# parameters:      3.2532570000000014 M
----------------------------------------
Current model normalized score: 1.9754537087517936.
Val accuracy:      0.30066105769230766
Block choices:     [0. 0. 1. 0. 3. 0. 0. 3. 1. 2. 3. 3. 0. 1. 3. 1. 2. 1. 0. 3.]
Channel choices:   [3, 4, 3, 6, 6, 5, 4, 3, 3, 2, 2, 2, 5, 5, 3, 9, 7, 2, 6, 2]
Flops:             324.44068 MFLOPS
# parameters:      3.3534380000000006 M
