op_name                                    inp_size   kernel_size   in channels  out channels  params(MBytes)   mults(M)    adds(M)     MFLOPS
=============================================================================================================================
first_conv_fwd                                  224             3             3            16           0.001      5.419      5.218     10.637
hardswish0__plusscalar0                         112            -1            16            16           0.000      0.000      0.201      0.201
hardswish0__clip                                112            -1            16            16           0.000      0.201      0.000      0.201
hardswish0__divscalar0                          112            -1            16            16           0.000      0.201      0.000      0.201
hardswish0__mul0                                112            -1            16            16           0.000      0.201      0.000      0.201
SNB0_conv3_fwd                                  112             3            16             1           0.000      0.452      0.401      0.853
SNB0_conv4_fwd                                   56             1            16            16           0.001      0.803      0.753      1.555
SNB0_relu2_fwd                                   56            -1            16            16           0.000      0.050      0.000      0.050
SNB0_conv0_fwd                                  112             1            16            44           0.001      8.831      8.279     17.110
SNB0_relu0_fwd                                  112            -1            44            44           0.000      0.552      0.000      0.552
SNB0_conv1_fwd                                  112             3            44             1           0.001      1.242      1.104      2.346
SNB0_conv2_fwd                                   56             1            44            48           0.004      6.623      6.473     13.096
SNB0_relu1_fwd                                   56            -1            48            48           0.000      0.151      0.000      0.151
SNB1_conv0_fwd                                   56             1            32            38           0.002      3.813      3.694      7.508
SNB1_relu0_fwd                                   56            -1            38            38           0.000      0.119      0.000      0.119
SNB1_conv1_fwd                                   56             3            38             1           0.001      1.073      0.953      2.026
SNB1_conv2_fwd                                   56             1            38            32           0.002      3.813      3.713      7.526
SNB1_relu1_fwd                                   56            -1            32            32           0.000      0.100      0.000      0.100
SNB2_conv0_fwd                                   56             3            32             1           0.001      0.903      0.803      1.706
SNB2_conv1_fwd                                   56             1            32            25           0.002      2.509      2.430      4.939
SNB2_relu0_fwd                                   56            -1            25            25           0.000      0.078      0.000      0.078
SNB2_conv2_fwd                                   56             3            25             1           0.000      0.706      0.627      1.333
SNB2_conv3_fwd                                   56             1            25            25           0.001      1.960      1.882      3.842
SNB2_relu1_fwd                                   56            -1            25            25           0.000      0.078      0.000      0.078
SNB2_conv4_fwd                                   56             3            25             1           0.000      0.706      0.627      1.333
SNB2_conv5_fwd                                   56             1            25            32           0.002      2.509      2.408      4.917
SNB2_relu2_fwd                                   56            -1            32            32           0.000      0.100      0.000      0.100
SNB3_conv0_fwd                                   56             1            32            38           0.002      3.813      3.694      7.508
SNB3_relu0_fwd                                   56            -1            38            38           0.000      0.119      0.000      0.119
SNB3_conv1_fwd                                   56             5            38             1           0.002      2.979      2.860      5.839
SNB3_conv2_fwd                                   56             1            38            32           0.002      3.813      3.713      7.526
SNB3_relu1_fwd                                   56            -1            32            32           0.000      0.100      0.000      0.100
SNB4_conv3_fwd                                   56             5            64             1           0.003      1.254      1.204      2.459
SNB4_conv4_fwd                                   28             1            64            64           0.008      3.211      3.161      6.372
SNB4_hardswish2__plusscalar0                     28            -1            64            64           0.000      0.000      0.050      0.050
SNB4_hardswish2__clip                            28            -1            64            64           0.000      0.050      0.000      0.050
SNB4_hardswish2__divscalar0                      28            -1            64            64           0.000      0.050      0.000      0.050
SNB4_hardswish2__mul0                            28            -1            64            64           0.000      0.050      0.000      0.050
SNB4_conv0_fwd                                   56             1            64            48           0.006      9.634      9.483     19.117
SNB4_hardswish0__plusscalar0                     56            -1            48            48           0.000      0.000      0.151      0.151
SNB4_hardswish0__clip                            56            -1            48            48           0.000      0.151      0.000      0.151
SNB4_hardswish0__divscalar0                      56            -1            48            48           0.000      0.151      0.000      0.151
SNB4_hardswish0__mul0                            56            -1            48            48           0.000      0.151      0.000      0.151
SNB4_conv1_fwd                                   56             5            48             1           0.002      0.941      0.903      1.844
SNB4_conv2_fwd                                   28             1            48            96           0.009      3.613      3.537      7.150
SNB4_hardswish1__plusscalar0                     28            -1            96            96           0.000      0.000      0.075      0.075
SNB4_hardswish1__clip                            28            -1            96            96           0.000      0.075      0.000      0.075
SNB4_hardswish1__divscalar0                      28            -1            96            96           0.000      0.075      0.000      0.075
SNB4_hardswish1__mul0                            28            -1            96            96           0.000      0.075      0.000      0.075
SNB5_conv0_fwd                                   28             1            80           112           0.018      7.025      6.937     13.961
SNB5_hardswish0__plusscalar0                     28            -1           112           112           0.000      0.000      0.088      0.088
SNB5_hardswish0__clip                            28            -1           112           112           0.000      0.088      0.000      0.088
SNB5_hardswish0__divscalar0                      28            -1           112           112           0.000      0.088      0.000      0.088
SNB5_hardswish0__mul0                            28            -1           112           112           0.000      0.088      0.000      0.088
SNB5_conv1_fwd                                   28             5           112             1           0.006      2.195      2.107      4.303
SNB5_conv2_fwd                                   28             1           112            80           0.018      7.025      6.962     13.987
SNB5_hardswish1__plusscalar0                     28            -1            80            80           0.000      0.000      0.063      0.063
SNB5_hardswish1__clip                            28            -1            80            80           0.000      0.063      0.000      0.063
SNB5_hardswish1__divscalar0                      28            -1            80            80           0.000      0.063      0.000      0.063
SNB5_hardswish1__mul0                            28            -1            80            80           0.000      0.063      0.000      0.063
SNB6_conv0_fwd                                   28             1            80            64           0.010      4.014      3.964      7.978
SNB6_hardswish0__plusscalar0                     28            -1            64            64           0.000      0.000      0.050      0.050
SNB6_hardswish0__clip                            28            -1            64            64           0.000      0.050      0.000      0.050
SNB6_hardswish0__divscalar0                      28            -1            64            64           0.000      0.050      0.000      0.050
SNB6_hardswish0__mul0                            28            -1            64            64           0.000      0.050      0.000      0.050
SNB6_conv1_fwd                                   28             3            64             1           0.001      0.452      0.401      0.853
SNB6_conv2_fwd                                   28             1            64            80           0.010      4.014      3.951      7.965
SNB6_hardswish1__plusscalar0                     28            -1            80            80           0.000      0.000      0.063      0.063
SNB6_hardswish1__clip                            28            -1            80            80           0.000      0.063      0.000      0.063
SNB6_hardswish1__divscalar0                      28            -1            80            80           0.000      0.063      0.000      0.063
SNB6_hardswish1__mul0                            28            -1            80            80           0.000      0.063      0.000      0.063
SNB7_conv0_fwd                                   28             1            80            80           0.013      5.018      4.955      9.972
SNB7_hardswish0__plusscalar0                     28            -1            80            80           0.000      0.000      0.063      0.063
SNB7_hardswish0__clip                            28            -1            80            80           0.000      0.063      0.000      0.063
SNB7_hardswish0__divscalar0                      28            -1            80            80           0.000      0.063      0.000      0.063
SNB7_hardswish0__mul0                            28            -1            80            80           0.000      0.063      0.000      0.063
SNB7_conv1_fwd                                   28             3            80             1           0.001      0.564      0.502      1.066
SNB7_conv2_fwd                                   28             1            80            80           0.013      5.018      4.955      9.972
SNB7_hardswish1__plusscalar0                     28            -1            80            80           0.000      0.000      0.063      0.063
SNB7_hardswish1__clip                            28            -1            80            80           0.000      0.063      0.000      0.063
SNB7_hardswish1__divscalar0                      28            -1            80            80           0.000      0.063      0.000      0.063
SNB7_hardswish1__mul0                            28            -1            80            80           0.000      0.063      0.000      0.063
SNB8_conv3_fwd                                   28             7           160             1           0.016      1.537      1.505      3.042
SNB8_conv4_fwd                                   14             1           160           160           0.051      5.018      4.986     10.004
SNB8_hardswish2__plusscalar0                     14            -1           160           160           0.000      0.000      0.031      0.031
SNB8_hardswish2__clip                            14            -1           160           160           0.000      0.031      0.000      0.031
SNB8_hardswish2__divscalar0                      14            -1           160           160           0.000      0.031      0.000      0.031
SNB8_hardswish2__mul0                            14            -1           160           160           0.000      0.031      0.000      0.031
SNB8_conv0_fwd                                   28             1           160            96           0.031     12.042     11.967     24.009
SNB8_hardswish0__plusscalar0                     28            -1            96            96           0.000      0.000      0.075      0.075
SNB8_hardswish0__clip                            28            -1            96            96           0.000      0.075      0.000      0.075
SNB8_hardswish0__divscalar0                      28            -1            96            96           0.000      0.075      0.000      0.075
SNB8_hardswish0__mul0                            28            -1            96            96           0.000      0.075      0.000      0.075
SNB8_conv1_fwd                                   28             7            96             1           0.009      0.922      0.903      1.825
SNB8_conv2_fwd                                   14             1            96           160           0.031      3.011      2.979      5.990
SNB8_hardswish1__plusscalar0                     14            -1           160           160           0.000      0.000      0.031      0.031
SNB8_hardswish1__clip                            14            -1           160           160           0.000      0.031      0.000      0.031
SNB8_hardswish1__divscalar0                      14            -1           160           160           0.000      0.031      0.000      0.031
SNB8_hardswish1__mul0                            14            -1           160           160           0.000      0.031      0.000      0.031
SNB8_se0_pool0_fwd                               14            -1           160             1           0.000      0.000      0.031      0.031
SNB8_se0_conv_squeeze_fwd                         1             1           160            40           0.013      0.006      0.006      0.013
SNB8_se0_relu0_fwd                                1            -1            40            40           0.000      0.000      0.000      0.000
SNB8_se0_conv_excitation_fwd                      1             1            40           160           0.013      0.006      0.006      0.013
SNB8_se0_hardsigmoid0__plusscalar0                1            -1           160           160           0.000      0.000      0.000      0.000
SNB8_se0_hardsigmoid0__clip                       1            -1           160           160           0.000      0.000      0.000      0.000
SNB8_se0_hardsigmoid0__divscalar0                 1            -1           160           160           0.000      0.000      0.000      0.000
SNB9_conv0_fwd                                   14             1           160           192           0.061      6.021      5.983     12.005
SNB9_hardswish0__plusscalar0                     14            -1           192           192           0.000      0.000      0.038      0.038
SNB9_hardswish0__clip                            14            -1           192           192           0.000      0.038      0.000      0.038
SNB9_hardswish0__divscalar0                      14            -1           192           192           0.000      0.038      0.000      0.038
SNB9_hardswish0__mul0                            14            -1           192           192           0.000      0.038      0.000      0.038
SNB9_conv1_fwd                                   14             3           192             1           0.003      0.339      0.301      0.640
SNB9_conv2_fwd                                   14             1           192           160           0.061      6.021      5.990     12.011
SNB9_hardswish1__plusscalar0                     14            -1           160           160           0.000      0.000      0.031      0.031
SNB9_hardswish1__clip                            14            -1           160           160           0.000      0.031      0.000      0.031
SNB9_hardswish1__divscalar0                      14            -1           160           160           0.000      0.031      0.000      0.031
SNB9_hardswish1__mul0                            14            -1           160           160           0.000      0.031      0.000      0.031
SNB9_se0_pool0_fwd                               14            -1           160             1           0.000      0.000      0.031      0.031
SNB9_se0_conv_squeeze_fwd                         1             1           160            40           0.013      0.006      0.006      0.013
SNB9_se0_relu0_fwd                                1            -1            40            40           0.000      0.000      0.000      0.000
SNB9_se0_conv_excitation_fwd                      1             1            40           160           0.013      0.006      0.006      0.013
SNB9_se0_hardsigmoid0__plusscalar0                1            -1           160           160           0.000      0.000      0.000      0.000
SNB9_se0_hardsigmoid0__clip                       1            -1           160           160           0.000      0.000      0.000      0.000
SNB9_se0_hardsigmoid0__divscalar0                 1            -1           160           160           0.000      0.000      0.000      0.000
SNB10_conv0_fwd                                  14             1           160           256           0.082      8.028      7.978     16.006
SNB10_hardswish0__plusscalar0                    14            -1           256           256           0.000      0.000      0.050      0.050
SNB10_hardswish0__clip                           14            -1           256           256           0.000      0.050      0.000      0.050
SNB10_hardswish0__divscalar0                     14            -1           256           256           0.000      0.050      0.000      0.050
SNB10_hardswish0__mul0                           14            -1           256           256           0.000      0.050      0.000      0.050
SNB10_conv1_fwd                                  14             7           256             1           0.025      2.459      2.408      4.867
SNB10_conv2_fwd                                  14             1           256           160           0.082      8.028      7.997     16.025
SNB10_hardswish1__plusscalar0                    14            -1           160           160           0.000      0.000      0.031      0.031
SNB10_hardswish1__clip                           14            -1           160           160           0.000      0.031      0.000      0.031
SNB10_hardswish1__divscalar0                     14            -1           160           160           0.000      0.031      0.000      0.031
SNB10_hardswish1__mul0                           14            -1           160           160           0.000      0.031      0.000      0.031
SNB10_se0_pool0_fwd                              14            -1           160             1           0.000      0.000      0.031      0.031
SNB10_se0_conv_squeeze_fwd                        1             1           160            40           0.013      0.006      0.006      0.013
SNB10_se0_relu0_fwd                               1            -1            40            40           0.000      0.000      0.000      0.000
SNB10_se0_conv_excitation_fwd                     1             1            40           160           0.013      0.006      0.006      0.013
SNB10_se0_hardsigmoid0__plusscalar0               1            -1           160           160           0.000      0.000      0.000      0.000
SNB10_se0_hardsigmoid0__clip                      1            -1           160           160           0.000      0.000      0.000      0.000
SNB10_se0_hardsigmoid0__divscalar0                1            -1           160           160           0.000      0.000      0.000      0.000
SNB11_conv0_fwd                                  14             1           160           192           0.061      6.021      5.983     12.005
SNB11_hardswish0__plusscalar0                    14            -1           192           192           0.000      0.000      0.038      0.038
SNB11_hardswish0__clip                           14            -1           192           192           0.000      0.038      0.000      0.038
SNB11_hardswish0__divscalar0                     14            -1           192           192           0.000      0.038      0.000      0.038
SNB11_hardswish0__mul0                           14            -1           192           192           0.000      0.038      0.000      0.038
SNB11_conv1_fwd                                  14             5           192             1           0.010      0.941      0.903      1.844
SNB11_conv2_fwd                                  14             1           192           160           0.061      6.021      5.990     12.011
SNB11_hardswish1__plusscalar0                    14            -1           160           160           0.000      0.000      0.031      0.031
SNB11_hardswish1__clip                           14            -1           160           160           0.000      0.031      0.000      0.031
SNB11_hardswish1__divscalar0                     14            -1           160           160           0.000      0.031      0.000      0.031
SNB11_hardswish1__mul0                           14            -1           160           160           0.000      0.031      0.000      0.031
SNB11_se0_pool0_fwd                              14            -1           160             1           0.000      0.000      0.031      0.031
SNB11_se0_conv_squeeze_fwd                        1             1           160            40           0.013      0.006      0.006      0.013
SNB11_se0_relu0_fwd                               1            -1            40            40           0.000      0.000      0.000      0.000
SNB11_se0_conv_excitation_fwd                     1             1            40           160           0.013      0.006      0.006      0.013
SNB11_se0_hardsigmoid0__plusscalar0               1            -1           160           160           0.000      0.000      0.000      0.000
SNB11_se0_hardsigmoid0__clip                      1            -1           160           160           0.000      0.000      0.000      0.000
SNB11_se0_hardsigmoid0__divscalar0                1            -1           160           160           0.000      0.000      0.000      0.000
SNB12_conv0_fwd                                  14             1           160           160           0.051      5.018      4.986     10.004
SNB12_hardswish0__plusscalar0                    14            -1           160           160           0.000      0.000      0.031      0.031
SNB12_hardswish0__clip                           14            -1           160           160           0.000      0.031      0.000      0.031
SNB12_hardswish0__divscalar0                     14            -1           160           160           0.000      0.031      0.000      0.031
SNB12_hardswish0__mul0                           14            -1           160           160           0.000      0.031      0.000      0.031
SNB12_conv1_fwd                                  14             5           160             1           0.008      0.784      0.753      1.537
SNB12_conv2_fwd                                  14             1           160           160           0.051      5.018      4.986     10.004
SNB12_hardswish1__plusscalar0                    14            -1           160           160           0.000      0.000      0.031      0.031
SNB12_hardswish1__clip                           14            -1           160           160           0.000      0.031      0.000      0.031
SNB12_hardswish1__divscalar0                     14            -1           160           160           0.000      0.031      0.000      0.031
SNB12_hardswish1__mul0                           14            -1           160           160           0.000      0.031      0.000      0.031
SNB12_se0_pool0_fwd                              14            -1           160             1           0.000      0.000      0.031      0.031
SNB12_se0_conv_squeeze_fwd                        1             1           160            40           0.013      0.006      0.006      0.013
SNB12_se0_relu0_fwd                               1            -1            40            40           0.000      0.000      0.000      0.000
SNB12_se0_conv_excitation_fwd                     1             1            40           160           0.013      0.006      0.006      0.013
SNB12_se0_hardsigmoid0__plusscalar0               1            -1           160           160           0.000      0.000      0.000      0.000
SNB12_se0_hardsigmoid0__clip                      1            -1           160           160           0.000      0.000      0.000      0.000
SNB12_se0_hardsigmoid0__divscalar0                1            -1           160           160           0.000      0.000      0.000      0.000
SNB13_conv0_fwd                                  14             1           160           224           0.072      7.025      6.981     14.005
SNB13_hardswish0__plusscalar0                    14            -1           224           224           0.000      0.000      0.044      0.044
SNB13_hardswish0__clip                           14            -1           224           224           0.000      0.044      0.000      0.044
SNB13_hardswish0__divscalar0                     14            -1           224           224           0.000      0.044      0.000      0.044
SNB13_hardswish0__mul0                           14            -1           224           224           0.000      0.044      0.000      0.044
SNB13_conv1_fwd                                  14             3           224             1           0.004      0.395      0.351      0.746
SNB13_conv2_fwd                                  14             1           224           160           0.072      7.025      6.993     14.018
SNB13_hardswish1__plusscalar0                    14            -1           160           160           0.000      0.000      0.031      0.031
SNB13_hardswish1__clip                           14            -1           160           160           0.000      0.031      0.000      0.031
SNB13_hardswish1__divscalar0                     14            -1           160           160           0.000      0.031      0.000      0.031
SNB13_hardswish1__mul0                           14            -1           160           160           0.000      0.031      0.000      0.031
SNB13_se0_pool0_fwd                              14            -1           160             1           0.000      0.000      0.031      0.031
SNB13_se0_conv_squeeze_fwd                        1             1           160            40           0.013      0.006      0.006      0.013
SNB13_se0_relu0_fwd                               1            -1            40            40           0.000      0.000      0.000      0.000
SNB13_se0_conv_excitation_fwd                     1             1            40           160           0.013      0.006      0.006      0.013
SNB13_se0_hardsigmoid0__plusscalar0               1            -1           160           160           0.000      0.000      0.000      0.000
SNB13_se0_hardsigmoid0__clip                      1            -1           160           160           0.000      0.000      0.000      0.000
SNB13_se0_hardsigmoid0__divscalar0                1            -1           160           160           0.000      0.000      0.000      0.000
SNB14_conv0_fwd                                  14             1           160           256           0.082      8.028      7.978     16.006
SNB14_hardswish0__plusscalar0                    14            -1           256           256           0.000      0.000      0.050      0.050
SNB14_hardswish0__clip                           14            -1           256           256           0.000      0.050      0.000      0.050
SNB14_hardswish0__divscalar0                     14            -1           256           256           0.000      0.050      0.000      0.050
SNB14_hardswish0__mul0                           14            -1           256           256           0.000      0.050      0.000      0.050
SNB14_conv1_fwd                                  14             7           256             1           0.025      2.459      2.408      4.867
SNB14_conv2_fwd                                  14             1           256           160           0.082      8.028      7.997     16.025
SNB14_hardswish1__plusscalar0                    14            -1           160           160           0.000      0.000      0.031      0.031
SNB14_hardswish1__clip                           14            -1           160           160           0.000      0.031      0.000      0.031
SNB14_hardswish1__divscalar0                     14            -1           160           160           0.000      0.031      0.000      0.031
SNB14_hardswish1__mul0                           14            -1           160           160           0.000      0.031      0.000      0.031
SNB14_se0_pool0_fwd                              14            -1           160             1           0.000      0.000      0.031      0.031
SNB14_se0_conv_squeeze_fwd                        1             1           160            40           0.013      0.006      0.006      0.013
SNB14_se0_relu0_fwd                               1            -1            40            40           0.000      0.000      0.000      0.000
SNB14_se0_conv_excitation_fwd                     1             1            40           160           0.013      0.006      0.006      0.013
SNB14_se0_hardsigmoid0__plusscalar0               1            -1           160           160           0.000      0.000      0.000      0.000
SNB14_se0_hardsigmoid0__clip                      1            -1           160           160           0.000      0.000      0.000      0.000
SNB14_se0_hardsigmoid0__divscalar0                1            -1           160           160           0.000      0.000      0.000      0.000
SNB15_conv0_fwd                                  14             1           160           160           0.051      5.018      4.986     10.004
SNB15_hardswish0__plusscalar0                    14            -1           160           160           0.000      0.000      0.031      0.031
SNB15_hardswish0__clip                           14            -1           160           160           0.000      0.031      0.000      0.031
SNB15_hardswish0__divscalar0                     14            -1           160           160           0.000      0.031      0.000      0.031
SNB15_hardswish0__mul0                           14            -1           160           160           0.000      0.031      0.000      0.031
SNB15_conv1_fwd                                  14             3           160             1           0.003      0.282      0.251      0.533
SNB15_conv2_fwd                                  14             1           160           160           0.051      5.018      4.986     10.004
SNB15_hardswish1__plusscalar0                    14            -1           160           160           0.000      0.000      0.031      0.031
SNB15_hardswish1__clip                           14            -1           160           160           0.000      0.031      0.000      0.031
SNB15_hardswish1__divscalar0                     14            -1           160           160           0.000      0.031      0.000      0.031
SNB15_hardswish1__mul0                           14            -1           160           160           0.000      0.031      0.000      0.031
SNB15_se0_pool0_fwd                              14            -1           160             1           0.000      0.000      0.031      0.031
SNB15_se0_conv_squeeze_fwd                        1             1           160            40           0.013      0.006      0.006      0.013
SNB15_se0_relu0_fwd                               1            -1            40            40           0.000      0.000      0.000      0.000
SNB15_se0_conv_excitation_fwd                     1             1            40           160           0.013      0.006      0.006      0.013
SNB15_se0_hardsigmoid0__plusscalar0               1            -1           160           160           0.000      0.000      0.000      0.000
SNB15_se0_hardsigmoid0__clip                      1            -1           160           160           0.000      0.000      0.000      0.000
SNB15_se0_hardsigmoid0__divscalar0                1            -1           160           160           0.000      0.000      0.000      0.000
SNB16_conv3_fwd                                  14             7           320             1           0.031      0.768      0.753      1.521
SNB16_conv4_fwd                                   7             1           320           320           0.205      5.018      5.002     10.020
SNB16_hardswish2__plusscalar0                     7            -1           320           320           0.000      0.000      0.016      0.016
SNB16_hardswish2__clip                            7            -1           320           320           0.000      0.016      0.000      0.016
SNB16_hardswish2__divscalar0                      7            -1           320           320           0.000      0.016      0.000      0.016
SNB16_hardswish2__mul0                            7            -1           320           320           0.000      0.016      0.000      0.016
SNB16_conv0_fwd                                  14             1           320           320           0.205     20.070     20.008     40.078
SNB16_hardswish0__plusscalar0                    14            -1           320           320           0.000      0.000      0.063      0.063
SNB16_hardswish0__clip                           14            -1           320           320           0.000      0.063      0.000      0.063
SNB16_hardswish0__divscalar0                     14            -1           320           320           0.000      0.063      0.000      0.063
SNB16_hardswish0__mul0                           14            -1           320           320           0.000      0.063      0.000      0.063
SNB16_conv1_fwd                                  14             7           320             1           0.031      0.768      0.753      1.521
SNB16_conv2_fwd                                   7             1           320           320           0.205      5.018      5.002     10.020
SNB16_hardswish1__plusscalar0                     7            -1           320           320           0.000      0.000      0.016      0.016
SNB16_hardswish1__clip                            7            -1           320           320           0.000      0.016      0.000      0.016
SNB16_hardswish1__divscalar0                      7            -1           320           320           0.000      0.016      0.000      0.016
SNB16_hardswish1__mul0                            7            -1           320           320           0.000      0.016      0.000      0.016
SNB16_se0_pool0_fwd                               7            -1           320             1           0.000      0.000      0.015      0.016
SNB16_se0_conv_squeeze_fwd                        1             1           320            80           0.051      0.026      0.026      0.051
SNB16_se0_relu0_fwd                               1            -1            80            80           0.000      0.000      0.000      0.000
SNB16_se0_conv_excitation_fwd                     1             1            80           320           0.052      0.026      0.026      0.051
SNB16_se0_hardsigmoid0__plusscalar0               1            -1           320           320           0.000      0.000      0.000      0.000
SNB16_se0_hardsigmoid0__clip                      1            -1           320           320           0.000      0.000      0.000      0.000
SNB16_se0_hardsigmoid0__divscalar0                1            -1           320           320           0.000      0.000      0.000      0.000
SNB17_conv0_fwd                                   7             1           320           384           0.246      6.021      6.002     12.023
SNB17_hardswish0__plusscalar0                     7            -1           384           384           0.000      0.000      0.019      0.019
SNB17_hardswish0__clip                            7            -1           384           384           0.000      0.019      0.000      0.019
SNB17_hardswish0__divscalar0                      7            -1           384           384           0.000      0.019      0.000      0.019
SNB17_hardswish0__mul0                            7            -1           384           384           0.000      0.019      0.000      0.019
SNB17_conv1_fwd                                   7             5           384             1           0.019      0.470      0.452      0.922
SNB17_conv2_fwd                                   7             1           384           320           0.246      6.021      6.005     12.027
SNB17_hardswish1__plusscalar0                     7            -1           320           320           0.000      0.000      0.016      0.016
SNB17_hardswish1__clip                            7            -1           320           320           0.000      0.016      0.000      0.016
SNB17_hardswish1__divscalar0                      7            -1           320           320           0.000      0.016      0.000      0.016
SNB17_hardswish1__mul0                            7            -1           320           320           0.000      0.016      0.000      0.016
SNB17_se0_pool0_fwd                               7            -1           320             1           0.000      0.000      0.015      0.016
SNB17_se0_conv_squeeze_fwd                        1             1           320            80           0.051      0.026      0.026      0.051
SNB17_se0_relu0_fwd                               1            -1            80            80           0.000      0.000      0.000      0.000
SNB17_se0_conv_excitation_fwd                     1             1            80           320           0.052      0.026      0.026      0.051
SNB17_se0_hardsigmoid0__plusscalar0               1            -1           320           320           0.000      0.000      0.000      0.000
SNB17_se0_hardsigmoid0__clip                      1            -1           320           320           0.000      0.000      0.000      0.000
SNB17_se0_hardsigmoid0__divscalar0                1            -1           320           320           0.000      0.000      0.000      0.000
SNB18_conv0_fwd                                   7             3           320             1           0.006      0.141      0.125      0.267
SNB18_conv1_fwd                                   7             1           320           320           0.205      5.018      5.002     10.020
SNB18_hardswish0__plusscalar0                     7            -1           320           320           0.000      0.000      0.016      0.016
SNB18_hardswish0__clip                            7            -1           320           320           0.000      0.016      0.000      0.016
SNB18_hardswish0__divscalar0                      7            -1           320           320           0.000      0.016      0.000      0.016
SNB18_hardswish0__mul0                            7            -1           320           320           0.000      0.016      0.000      0.016
SNB18_conv2_fwd                                   7             3           320             1           0.006      0.141      0.125      0.267
SNB18_conv3_fwd                                   7             1           320           320           0.205      5.018      5.002     10.020
SNB18_hardswish1__plusscalar0                     7            -1           320           320           0.000      0.000      0.016      0.016
SNB18_hardswish1__clip                            7            -1           320           320           0.000      0.016      0.000      0.016
SNB18_hardswish1__divscalar0                      7            -1           320           320           0.000      0.016      0.000      0.016
SNB18_hardswish1__mul0                            7            -1           320           320           0.000      0.016      0.000      0.016
SNB18_conv4_fwd                                   7             3           320             1           0.006      0.141      0.125      0.267
SNB18_conv5_fwd                                   7             1           320           320           0.205      5.018      5.002     10.020
SNB18_hardswish2__plusscalar0                     7            -1           320           320           0.000      0.000      0.016      0.016
SNB18_hardswish2__clip                            7            -1           320           320           0.000      0.016      0.000      0.016
SNB18_hardswish2__divscalar0                      7            -1           320           320           0.000      0.016      0.000      0.016
SNB18_hardswish2__mul0                            7            -1           320           320           0.000      0.016      0.000      0.016
SNB18_se0_pool0_fwd                               7            -1           320             1           0.000      0.000      0.015      0.016
SNB18_se0_conv_squeeze_fwd                        1             1           320            80           0.051      0.026      0.026      0.051
SNB18_se0_relu0_fwd                               1            -1            80            80           0.000      0.000      0.000      0.000
SNB18_se0_conv_excitation_fwd                     1             1            80           320           0.052      0.026      0.026      0.051
SNB18_se0_hardsigmoid0__plusscalar0               1            -1           320           320           0.000      0.000      0.000      0.000
SNB18_se0_hardsigmoid0__clip                      1            -1           320           320           0.000      0.000      0.000      0.000
SNB18_se0_hardsigmoid0__divscalar0                1            -1           320           320           0.000      0.000      0.000      0.000
SNB19_conv0_fwd                                   7             1           320           256           0.164      4.014      4.002      8.016
SNB19_hardswish0__plusscalar0                     7            -1           256           256           0.000      0.000      0.013      0.013
SNB19_hardswish0__clip                            7            -1           256           256           0.000      0.013      0.000      0.013
SNB19_hardswish0__divscalar0                      7            -1           256           256           0.000      0.013      0.000      0.013
SNB19_hardswish0__mul0                            7            -1           256           256           0.000      0.013      0.000      0.013
SNB19_conv1_fwd                                   7             7           256             1           0.025      0.615      0.602      1.217
SNB19_conv2_fwd                                   7             1           256           320           0.164      4.014      3.998      8.012
SNB19_hardswish1__plusscalar0                     7            -1           320           320           0.000      0.000      0.016      0.016
SNB19_hardswish1__clip                            7            -1           320           320           0.000      0.016      0.000      0.016
SNB19_hardswish1__divscalar0                      7            -1           320           320           0.000      0.016      0.000      0.016
SNB19_hardswish1__mul0                            7            -1           320           320           0.000      0.016      0.000      0.016
SNB19_se0_pool0_fwd                               7            -1           320             1           0.000      0.000      0.015      0.016
SNB19_se0_conv_squeeze_fwd                        1             1           320            80           0.051      0.026      0.026      0.051
SNB19_se0_relu0_fwd                               1            -1            80            80           0.000      0.000      0.000      0.000
SNB19_se0_conv_excitation_fwd                     1             1            80           320           0.052      0.026      0.026      0.051
SNB19_se0_hardsigmoid0__plusscalar0               1            -1           320           320           0.000      0.000      0.000      0.000
SNB19_se0_hardsigmoid0__clip                      1            -1           320           320           0.000      0.000      0.000      0.000
SNB19_se0_hardsigmoid0__divscalar0                1            -1           320           320           0.000      0.000      0.000      0.000
pool0_fwd                                         7            -1           640             1           0.000      0.001      0.031      0.031
conv_fc_fwd                                       1             1           640          1024           1.311      0.655      0.654      1.310
hardswish1__plusscalar0                           1            -1          1024          1024           0.000      0.000      0.001      0.001
hardswish1__clip                                  1            -1          1024          1024           0.000      0.001      0.000      0.001
hardswish1__divscalar0                            1            -1          1024          1024           0.000      0.001      0.000      0.001
hardswish1__mul0                                  1            -1          1024          1024           0.000      0.001      0.000      0.001
                                                  1             1          1024          1000           2.050      1.024      1.024      2.048
total                                                                                                   7.437    303.296    294.189    597.485
